#
# A fatal error has been detected by the Java Runtime Environment:
#
#  SIGSEGV (0xb) at pc=0x0000000000000000, pid=3016, tid=38951
#
# JRE version: Java(TM) SE Runtime Environment (8.0_45-b14) (build 1.8.0_45-b14)
# Java VM: Java HotSpot(TM) 64-Bit Server VM (25.45-b02 mixed mode bsd-amd64 compressed oops)
# Problematic frame:
# C  0x0000000000000000
#
# Failed to write core dump. Core dumps have been disabled. To enable core dumping, try "ulimit -c unlimited" before starting Java again
#
# If you would like to submit a bug report, please visit:
#   http://bugreport.java.com/bugreport/crash.jsp
#

---------------  T H R E A D  ---------------

Current thread (0x00007fee85aa5800):  JavaThread "815336475@qtp-1269773610-0" [_thread_in_Java, id=38951, stack(0x0000000124bf5000,0x0000000124cf5000)]

siginfo: si_signo: 11 (SIGSEGV), si_code: 1 (SEGV_MAPERR), si_addr: 0x0000000000000000

Registers:
RAX=0x00000007c0002af0, RBX=0x00000007c0002d78, RCX=0x00000007b7405970, RDX=0x0000000000000000
RSP=0x0000000124cf2300, RBP=0x0000000124cf2358, RSI=0x0000000124cf22b0, RDI=0x00000007b79d015c
R8 =0x00000007b79ceb20, R9 =0x0000000000000b1b, R10=0x000000010acc3940, R11=0x00000007b7405db8
R12=0x0000000000000000, R13=0x0000000124cf2308, R14=0x0000000000000000, R15=0x00007fee85aa5800
RIP=0x0000000000000000, EFLAGS=0x0000000000010246, ERR=0x0000000000000014
  TRAPNO=0x000000000000000e

Top of Stack: (sp=0x0000000124cf2300)
0x0000000124cf2300:   000000010b3fdccd 00000007b79e75b0
0x0000000124cf2310:   00000007b7405970 0000000124cf2318
0x0000000124cf2320:   000000012672ce9b 0000000124cf23a8
0x0000000124cf2330:   000000012672d068 0000000000000000
0x0000000124cf2340:   000000012672cfb8 0000000124cf2308
0x0000000124cf2350:   0000000124cf2398 0000000124cf23f0
0x0000000124cf2360:   000000010b3fdccd 0000000000000000
0x0000000124cf2370:   0000000000000000 00000007b9410340
0x0000000124cf2380:   00000007b9410388 00000007b9410388
0x0000000124cf2390:   00000007b9410340 00000007b73fe608
0x0000000124cf23a0:   00000007b73fe5f8 00000007b9410328
0x0000000124cf23b0:   0000000124cf23b0 0000000128e44fe3
0x0000000124cf23c0:   0000000124cf2410 0000000126ee9750
0x0000000124cf23d0:   0000000000000000 0000000128e45020
0x0000000124cf23e0:   0000000124cf2398 0000000124cf2400
0x0000000124cf23f0:   0000000124cf2458 000000010b3fdccd
0x0000000124cf2400:   00000007b73fe608 00000007b73fe5f8
0x0000000124cf2410:   00000007b9410328 0000000124cf2418
0x0000000124cf2420:   00000001271e5eb6 0000000124cf2490
0x0000000124cf2430:   0000000128db3e80 0000000000000000
0x0000000124cf2440:   00000001271e5f28 0000000124cf2400
0x0000000124cf2450:   0000000124cf2480 0000000124cf24e8
0x0000000124cf2460:   000000010b3fdd12 0000000000000000
0x0000000124cf2470:   00000007b73fe608 00000007b73fe5f8
0x0000000124cf2480:   00000007b73fe608 00000007b73fe5f8
0x0000000124cf2490:   00000007b9410328 00000007a4cd6f28
0x0000000124cf24a0:   0000000000000000 0000000124cf2498
0x0000000124cf24b0:   0000000128e2b779 0000000124cf2528
0x0000000124cf24c0:   000000012a135530 0000000000000000
0x0000000124cf24d0:   0000000128e2b9f0 0000000124cf2480
0x0000000124cf24e0:   0000000124cf2510 0000000124cf2570
0x0000000124cf24f0:   000000010b3fdccd 0000000000000000 

Instructions: (pc=0x0000000000000000)
0xffffffffffffffe0:   

Register to memory mapping:

RAX=0x00000007c0002af0 is pointing into metadata
RBX=0x00000007c0002d78 is pointing into metadata
RCX=0x00000007b7405970 is an oop
java.lang.Error 
 - klass: 'java/lang/Error'
RDX=0x0000000000000000 is an unknown value
RSP=0x0000000124cf2300 is pointing into the stack for thread: 0x00007fee85aa5800
RBP=0x0000000124cf2358 is pointing into the stack for thread: 0x00007fee85aa5800
RSI=0x0000000124cf22b0 is pointing into the stack for thread: 0x00007fee85aa5800
RDI=0x00000007b79d015c is an unknown value
R8 =0x00000007b79ceb20 is an oop
[C 
 - klass: {type array char}
 - length: 4606
R9 =0x0000000000000b1b is an unknown value
R10=0x000000010acc3940: _ZN19TemplateInterpreter20_invoke_return_entryE+0 in /Library/Java/JavaVirtualMachines/jdk1.8.0_45.jdk/Contents/Home/jre/lib/server/libjvm.dylib at 0x000000010a400000
R11=0x00000007b7405db8 is an oop
java.lang.StringBuffer 
 - klass: 'java/lang/StringBuffer'
R12=0x0000000000000000 is an unknown value
R13=0x0000000124cf2308 is pointing into the stack for thread: 0x00007fee85aa5800
R14=0x0000000000000000 is an unknown value
R15=0x00007fee85aa5800 is a thread


Stack: [0x0000000124bf5000,0x0000000124cf5000],  sp=0x0000000124cf2300,  free space=1012k

---------------  P R O C E S S  ---------------

Java Threads: ( => current thread )
  0x00007fee909cc800 JavaThread "pool-3-thread-5" daemon [_thread_blocked, id=31275, stack(0x00000001258f8000,0x00000001259f8000)]
  0x00007fee91436800 JavaThread "761431046@qtp-1269773610-2" [_thread_blocked, id=37723, stack(0x0000000124979000,0x0000000124a79000)]
  0x00007fee858bf000 JavaThread "Timer-1" daemon [_thread_blocked, id=36363, stack(0x00000001287f4000,0x00000001288f4000)]
  0x00007fee86f8b000 JavaThread "qtp792213089-41" [_thread_blocked, id=44291, stack(0x0000000129b96000,0x0000000129c96000)]
  0x00007fee8a95d000 JavaThread "qtp792213089-40" [_thread_blocked, id=43779, stack(0x0000000129952000,0x0000000129a52000)]
  0x00007fee83b08000 JavaThread "qtp792213089-39" [_thread_blocked, id=43267, stack(0x000000012984f000,0x000000012994f000)]
  0x00007fee8cfb2800 JavaThread "qtp792213089-38" [_thread_blocked, id=42755, stack(0x000000012974c000,0x000000012984c000)]
  0x00007fee86127000 JavaThread "qtp792213089-37 Acceptor1 SelectChannelConnector@127.0.0.1:9876" [_thread_in_native, id=42243, stack(0x0000000129649000,0x0000000129749000)]
  0x00007fee89d45800 JavaThread "qtp792213089-36 Acceptor0 SelectChannelConnector@127.0.0.1:9876" [_thread_blocked, id=41731, stack(0x0000000129546000,0x0000000129646000)]
  0x00007fee8a367800 JavaThread "qtp792213089-35 Selector1" [_thread_in_native, id=41219, stack(0x0000000129443000,0x0000000129543000)]
  0x00007fee88a3b000 JavaThread "qtp792213089-34 Selector0" [_thread_in_native, id=40707, stack(0x0000000129340000,0x0000000129440000)]
  0x00007fee83b07800 JavaThread "HashSessionScavenger-0" daemon [_thread_blocked, id=40195, stack(0x0000000129100000,0x0000000129200000)]
  0x00007fee84f52000 JavaThread "609483101@qtp-1269773610-1 - Acceptor0 SelectChannelConnector@0.0.0.0:8888" [_thread_in_native, id=39691, stack(0x0000000125c08000,0x0000000125d08000)]
=>0x00007fee85aa5800 JavaThread "815336475@qtp-1269773610-0" [_thread_in_Java, id=38951, stack(0x0000000124bf5000,0x0000000124cf5000)]
  0x00007fee868b5000 JavaThread "Timer-0" daemon [_thread_blocked, id=37891, stack(0x0000000124e61000,0x0000000124f61000)]
  0x00007fee82ace000 JavaThread "pool-1-thread-1" [_thread_blocked, id=36867, stack(0x0000000124af2000,0x0000000124bf2000)]
  0x00007fee85224800 JavaThread "Thread-2" daemon [_thread_blocked, id=35843, stack(0x00000001241a9000,0x00000001242a9000)]
  0x00007fee85223000 JavaThread "Thread-1" [_thread_in_native, id=35591, stack(0x00000001240a6000,0x00000001241a6000)]
  0x00007fee85914000 JavaThread "Java2D Disposer" daemon [_thread_blocked, id=33323, stack(0x0000000123ad1000,0x0000000123bd1000)]
  0x00007fee85222800 JavaThread "Java2D Queue Flusher" daemon [_thread_blocked, id=31495, stack(0x0000000123104000,0x0000000123204000)]
  0x00007fee84827000 JavaThread "Service Thread" daemon [_thread_blocked, id=21763, stack(0x000000012153f000,0x000000012163f000)]
  0x00007fee828ca800 JavaThread "C1 CompilerThread3" daemon [_thread_blocked, id=21251, stack(0x000000012143c000,0x000000012153c000)]
  0x00007fee828bc000 JavaThread "C2 CompilerThread2" daemon [_thread_blocked, id=20739, stack(0x0000000121339000,0x0000000121439000)]
  0x00007fee8482c000 JavaThread "C2 CompilerThread1" daemon [_thread_blocked, id=20227, stack(0x0000000121236000,0x0000000121336000)]
  0x00007fee85088800 JavaThread "C2 CompilerThread0" daemon [_thread_blocked, id=19715, stack(0x0000000121133000,0x0000000121233000)]
  0x00007fee85829000 JavaThread "JDWP Command Reader" daemon [_thread_in_native, id=19203, stack(0x0000000120967000,0x0000000120a67000)]
  0x00007fee85827000 JavaThread "JDWP Event Helper Thread" daemon [_thread_blocked, id=18691, stack(0x0000000120864000,0x0000000120964000)]
  0x00007fee8282b800 JavaThread "JDWP Transport Listener: dt_socket" daemon [_thread_blocked, id=18179, stack(0x0000000120761000,0x0000000120861000)]
  0x00007fee8283e000 JavaThread "Signal Dispatcher" daemon [_thread_blocked, id=17439, stack(0x0000000120657000,0x0000000120757000)]
  0x00007fee8480a800 JavaThread "Finalizer" daemon [_thread_blocked, id=13571, stack(0x000000011ebb1000,0x000000011ecb1000)]
  0x00007fee85854800 JavaThread "Reference Handler" daemon [_thread_blocked, id=13059, stack(0x000000011eaae000,0x000000011ebae000)]
  0x00007fee84802000 JavaThread "main" [_thread_blocked, id=1811, stack(0x00007fff56186000,0x00007fff56986000)]

Other Threads:
  0x00007fee85851800 VMThread [stack: 0x000000011e9ab000,0x000000011eaab000] [id=12547]
  0x00007fee8482b000 WatcherThread [stack: 0x0000000121642000,0x0000000121742000] [id=22275]

VM state:not at safepoint (normal execution)

VM Mutex/Monitor currently owned by a thread: None

Heap:
 PSYoungGen      total 115712K, used 45703K [0x00000007b5580000, 0x00000007c0000000, 0x00000007c0000000)
  eden space 64000K, 59% used [0x00000007b5580000,0x00000007b7ac76d8,0x00000007b9400000)
  from space 51712K, 14% used [0x00000007b9400000,0x00000007b9b5a8c0,0x00000007bc680000)
  to   space 53248K, 0% used [0x00000007bcc00000,0x00000007bcc00000,0x00000007c0000000)
 ParOldGen       total 281088K, used 89211K [0x00000007a0000000, 0x00000007b1280000, 0x00000007b5580000)
  object space 281088K, 31% used [0x00000007a0000000,0x00000007a571eeb0,0x00000007b1280000)
 Metaspace       used 43332K, capacity 43880K, committed 44072K, reserved 1087488K
  class space    used 4926K, capacity 5091K, committed 5160K, reserved 1048576K

Card table byte_map: [0x000000011a7b6000,0x000000011a8b7000] byte_map_base: 0x0000000116ab6000

Marking Bits: (ParMarkBitMap*) 0x000000010acc27a0
 Begin Bits: [0x000000011b17a000, 0x000000011b97a000)
 End Bits:   [0x000000011b97a000, 0x000000011c17a000)

Polling page: 0x00000001093d4000

CodeCache: size=245760Kb used=14077Kb max_used=14109Kb free=231683Kb
 bounds [0x000000010b3f6000, 0x000000010c236000, 0x000000011a3f6000]
 total_blobs=4591 nmethods=4080 adapters=432
 compilation: enabled

Compilation events (10 events):
Event: 1051.298 Thread 0x00007fee828ca800 5250       1       com.google.appengine.repackaged.org.apache.http.conn.routing.HttpRoute::getTargetHost (5 bytes)
Event: 1051.298 Thread 0x00007fee828ca800 nmethod 5250 0x000000010bf78510 code [0x000000010bf78660, 0x000000010bf78770]
Event: 1051.709 Thread 0x00007fee828ca800 5251       1       com.google.appengine.repackaged.org.apache.http.impl.client.RoutedRequest::getRoute (5 bytes)
Event: 1051.709 Thread 0x00007fee828ca800 nmethod 5251 0x000000010ba20950 code [0x000000010ba20aa0, 0x000000010ba20bb0]
Event: 1051.709 Thread 0x00007fee828ca800 5252       1       com.google.appengine.repackaged.org.apache.http.impl.client.RoutedRequest::getRequest (5 bytes)
Event: 1051.709 Thread 0x00007fee828ca800 nmethod 5252 0x000000010ba20690 code [0x000000010ba207e0, 0x000000010ba208f0]
Event: 1051.709 Thread 0x00007fee828ca800 5253       1       com.google.appengine.repackaged.org.apache.http.HttpHost::getSchemeName (5 bytes)
Event: 1051.709 Thread 0x00007fee828ca800 nmethod 5253 0x000000010ba203d0 code [0x000000010ba20520, 0x000000010ba20630]
Event: 1051.709 Thread 0x00007fee828ca800 5254       1       com.google.appengine.repackaged.org.apache.http.message.BasicHttpResponse::getEntity (5 bytes)
Event: 1051.709 Thread 0x00007fee828ca800 nmethod 5254 0x000000010ba20110 code [0x000000010ba20260, 0x000000010ba20370]

GC Heap History (10 events):
Event: 2.781 GC heap before
{Heap before GC invocations=9 (full 1):
 PSYoungGen      total 78848K, used 78757K [0x00000007b5580000, 0x00000007c0000000, 0x00000007c0000000)
  eden space 62976K, 100% used [0x00000007b5580000,0x00000007b9300000,0x00000007b9300000)
  from space 15872K, 99% used [0x00000007b9300000,0x00000007ba2696f0,0x00000007ba280000)
  to   space 56832K, 0% used [0x00000007bc880000,0x00000007bc880000,0x00000007c0000000)
 ParOldGen       total 226816K, used 110765K [0x00000007a0000000, 0x00000007add80000, 0x00000007b5580000)
  object space 226816K, 48% used [0x00000007a0000000,0x00000007a6c2b458,0x00000007add80000)
 Metaspace       used 27611K, capacity 28164K, committed 28544K, reserved 1075200K
  class space    used 3247K, capacity 3390K, committed 3456K, reserved 1048576K
Event: 2.790 GC heap after
Heap after GC invocations=9 (full 1):
 PSYoungGen      total 118784K, used 21132K [0x00000007b5580000, 0x00000007c0000000, 0x00000007c0000000)
  eden space 61952K, 0% used [0x00000007b5580000,0x00000007b5580000,0x00000007b9200000)
  from space 56832K, 37% used [0x00000007bc880000,0x00000007bdd23038,0x00000007c0000000)
  to   space 55808K, 0% used [0x00000007b9200000,0x00000007b9200000,0x00000007bc880000)
 ParOldGen       total 226816K, used 110773K [0x00000007a0000000, 0x00000007add80000, 0x00000007b5580000)
  object space 226816K, 48% used [0x00000007a0000000,0x00000007a6c2d458,0x00000007add80000)
 Metaspace       used 27611K, capacity 28164K, committed 28544K, reserved 1075200K
  class space    used 3247K, capacity 3390K, committed 3456K, reserved 1048576K
}
Event: 3.021 GC heap before
{Heap before GC invocations=10 (full 1):
 PSYoungGen      total 118784K, used 83084K [0x00000007b5580000, 0x00000007c0000000, 0x00000007c0000000)
  eden space 61952K, 100% used [0x00000007b5580000,0x00000007b9200000,0x00000007b9200000)
  from space 56832K, 37% used [0x00000007bc880000,0x00000007bdd23038,0x00000007c0000000)
  to   space 55808K, 0% used [0x00000007b9200000,0x00000007b9200000,0x00000007bc880000)
 ParOldGen       total 226816K, used 110773K [0x00000007a0000000, 0x00000007add80000, 0x00000007b5580000)
  object space 226816K, 48% used [0x00000007a0000000,0x00000007a6c2d458,0x00000007add80000)
 Metaspace       used 30283K, capacity 30894K, committed 31232K, reserved 1077248K
  class space    used 3575K, capacity 3721K, committed 3840K, reserved 1048576K
Event: 3.036 GC heap after
Heap after GC invocations=10 (full 1):
 PSYoungGen      total 88064K, used 25758K [0x00000007b5580000, 0x00000007bfb00000, 0x00000007c0000000)
  eden space 61952K, 0% used [0x00000007b5580000,0x00000007b5580000,0x00000007b9200000)
  from space 26112K, 98% used [0x00000007b9200000,0x00000007bab27ae0,0x00000007bab80000)
  to   space 53760K, 0% used [0x00000007bc680000,0x00000007bc680000,0x00000007bfb00000)
 ParOldGen       total 226816K, used 110781K [0x00000007a0000000, 0x00000007add80000, 0x00000007b5580000)
  object space 226816K, 48% used [0x00000007a0000000,0x00000007a6c2f458,0x00000007add80000)
 Metaspace       used 30283K, capacity 30894K, committed 31232K, reserved 1077248K
  class space    used 3575K, capacity 3721K, committed 3840K, reserved 1048576K
}
Event: 17.020 GC heap before
{Heap before GC invocations=11 (full 1):
 PSYoungGen      total 88064K, used 76546K [0x00000007b5580000, 0x00000007bfb00000, 0x00000007c0000000)
  eden space 61952K, 81% used [0x00000007b5580000,0x00000007b8718fc0,0x00000007b9200000)
  from space 26112K, 98% used [0x00000007b9200000,0x00000007bab27ae0,0x00000007bab80000)
  to   space 53760K, 0% used [0x00000007bc680000,0x00000007bc680000,0x00000007bfb00000)
 ParOldGen       total 226816K, used 110781K [0x00000007a0000000, 0x00000007add80000, 0x00000007b5580000)
  object space 226816K, 48% used [0x00000007a0000000,0x00000007a6c2f458,0x00000007add80000)
 Metaspace       used 34780K, capacity 35376K, committed 35496K, reserved 1081344K
  class space    used 4080K, capacity 4234K, committed 4264K, reserved 1048576K
Event: 17.035 GC heap after
Heap after GC invocations=11 (full 1):
 PSYoungGen      total 117760K, used 27356K [0x00000007b5580000, 0x00000007c0000000, 0x00000007c0000000)
  eden space 64000K, 0% used [0x00000007b5580000,0x00000007b5580000,0x00000007b9400000)
  from space 53760K, 50% used [0x00000007bc680000,0x00000007be137270,0x00000007bfb00000)
  to   space 51712K, 0% used [0x00000007b9400000,0x00000007b9400000,0x00000007bc680000)
 ParOldGen       total 226816K, used 110789K [0x00000007a0000000, 0x00000007add80000, 0x00000007b5580000)
  object space 226816K, 48% used [0x00000007a0000000,0x00000007a6c31458,0x00000007add80000)
 Metaspace       used 34780K, capacity 35376K, committed 35496K, reserved 1081344K
  class space    used 4080K, capacity 4234K, committed 4264K, reserved 1048576K
}
Event: 17.035 GC heap before
{Heap before GC invocations=12 (full 2):
 PSYoungGen      total 117760K, used 27356K [0x00000007b5580000, 0x00000007c0000000, 0x00000007c0000000)
  eden space 64000K, 0% used [0x00000007b5580000,0x00000007b5580000,0x00000007b9400000)
  from space 53760K, 50% used [0x00000007bc680000,0x00000007be137270,0x00000007bfb00000)
  to   space 51712K, 0% used [0x00000007b9400000,0x00000007b9400000,0x00000007bc680000)
 ParOldGen       total 226816K, used 110789K [0x00000007a0000000, 0x00000007add80000, 0x00000007b5580000)
  object space 226816K, 48% used [0x00000007a0000000,0x00000007a6c31458,0x00000007add80000)
 Metaspace       used 34780K, capacity 35376K, committed 35496K, reserved 1081344K
  class space    used 4080K, capacity 4234K, committed 4264K, reserved 1048576K
Event: 17.130 GC heap after
Heap after GC invocations=12 (full 2):
 PSYoungGen      total 117760K, used 0K [0x00000007b5580000, 0x00000007c0000000, 0x00000007c0000000)
  eden space 64000K, 0% used [0x00000007b5580000,0x00000007b5580000,0x00000007b9400000)
  from space 53760K, 0% used [0x00000007bc680000,0x00000007bc680000,0x00000007bfb00000)
  to   space 51712K, 0% used [0x00000007b9400000,0x00000007b9400000,0x00000007bc680000)
 ParOldGen       total 281088K, used 89203K [0x00000007a0000000, 0x00000007b1280000, 0x00000007b5580000)
  object space 281088K, 31% used [0x00000007a0000000,0x00000007a571ceb0,0x00000007b1280000)
 Metaspace       used 34780K, capacity 35376K, committed 35496K, reserved 1081344K
  class space    used 4080K, capacity 4234K, committed 4264K, reserved 1048576K
}
Event: 19.049 GC heap before
{Heap before GC invocations=13 (full 2):
 PSYoungGen      total 117760K, used 64000K [0x00000007b5580000, 0x00000007c0000000, 0x00000007c0000000)
  eden space 64000K, 100% used [0x00000007b5580000,0x00000007b9400000,0x00000007b9400000)
  from space 53760K, 0% used [0x00000007bc680000,0x00000007bc680000,0x00000007bfb00000)
  to   space 51712K, 0% used [0x00000007b9400000,0x00000007b9400000,0x00000007bc680000)
 ParOldGen       total 281088K, used 89203K [0x00000007a0000000, 0x00000007b1280000, 0x00000007b5580000)
  object space 281088K, 31% used [0x00000007a0000000,0x00000007a571ceb0,0x00000007b1280000)
 Metaspace       used 42070K, capacity 42688K, committed 42920K, reserved 1087488K
  class space    used 4827K, capacity 4983K, committed 5032K, reserved 1048576K
Event: 19.054 GC heap after
Heap after GC invocations=13 (full 2):
 PSYoungGen      total 115712K, used 7530K [0x00000007b5580000, 0x00000007c0000000, 0x00000007c0000000)
  eden space 64000K, 0% used [0x00000007b5580000,0x00000007b5580000,0x00000007b9400000)
  from space 51712K, 14% used [0x00000007b9400000,0x00000007b9b5a8c0,0x00000007bc680000)
  to   space 53248K, 0% used [0x00000007bcc00000,0x00000007bcc00000,0x00000007c0000000)
 ParOldGen       total 281088K, used 89211K [0x00000007a0000000, 0x00000007b1280000, 0x00000007b5580000)
  object space 281088K, 31% used [0x00000007a0000000,0x00000007a571eeb0,0x00000007b1280000)
 Metaspace       used 42070K, capacity 42688K, committed 42920K, reserved 1087488K
  class space    used 4827K, capacity 4983K, committed 5032K, reserved 1048576K
}

Deoptimization events (10 events):
Event: 28.114 Thread 0x00007fee85aa5800 Uncommon trap: reason=unstable_if action=reinterpret pc=0x000000010b515bcc method=java.util.regex.Pattern$BmpCharProperty.match(Ljava/util/regex/Matcher;ILjava/lang/CharSequence;)Z @ 34
Event: 48.168 Thread 0x00007fee858bf000 Uncommon trap: reason=unstable_if action=reinterpret pc=0x000000010bc8af34 method=java.io.ExpiringCache.entryFor(Ljava/lang/String;)Ljava/io/ExpiringCache$Entry; @ 39
Event: 224.005 Thread 0x00007fee85aa5800 Uncommon trap: reason=unstable_if action=reinterpret pc=0x000000010be9a0d8 method=java.nio.charset.CoderResult.isOverflow()Z @ 5
Event: 224.006 Thread 0x00007fee85aa5800 Uncommon trap: reason=unstable_if action=reinterpret pc=0x000000010be974d4 method=sun.nio.cs.StreamEncoder.implWrite([CII)V @ 51
Event: 224.006 Thread 0x00007fee85aa5800 Uncommon trap: reason=class_check action=maybe_recompile pc=0x000000010bf1ad88 method=sun.nio.cs.StreamEncoder.writeBytes()V @ 120
Event: 224.006 Thread 0x00007fee85aa5800 Uncommon trap: reason=class_check action=maybe_recompile pc=0x000000010bf1ad88 method=sun.nio.cs.StreamEncoder.writeBytes()V @ 120
Event: 424.074 Thread 0x00007fee84f52000 Uncommon trap: reason=unstable_if action=reinterpret pc=0x000000010bfa6c70 method=java.util.HashMap.isEmpty()Z @ 4
Event: 527.483 Thread 0x00007fee84f52000 Uncommon trap: reason=class_check action=maybe_recompile pc=0x000000010c1f9b7c method=sun.nio.ch.KQueueSelectorImpl.updateSelectedKeys(I)I @ 174
Event: 1037.080 Thread 0x00007fee84f52000 Uncommon trap: reason=class_check action=maybe_recompile pc=0x000000010c1f9b7c method=sun.nio.ch.KQueueSelectorImpl.updateSelectedKeys(I)I @ 174
Event: 1037.080 Thread 0x00007fee84f52000 Uncommon trap: reason=class_check action=maybe_recompile pc=0x000000010c1f9b7c method=sun.nio.ch.KQueueSelectorImpl.updateSelectedKeys(I)I @ 174

Internal exceptions (10 events):
Event: 2.994 Thread 0x00007fee84a93800 Exception <a 'java/security/PrivilegedActionException'> (0x00000007b8a32620) thrown at [/Users/java_re/workspace/8-2-build-macosx-x86_64/jdk8u45/3457/hotspot/src/share/vm/prims/jvm.cpp, line 1382]
Event: 16.886 Thread 0x00007fee84f52000 Implicit null exception at 0x000000010b5ea489 to 0x000000010b5eb7a3
Event: 16.887 Thread 0x00007fee84f52000 Exception <a 'java/lang/NullPointerException'> (0x00000007b6827f08) thrown at [/Users/java_re/workspace/8-2-build-macosx-x86_64/jdk8u45/3457/hotspot/src/share/vm/runtime/sharedRuntime.cpp, line 605]
Event: 16.897 Thread 0x00007fee84f52000 Implicit null exception at 0x000000010b732c5d to 0x000000010b733251
Event: 16.979 Thread 0x00007fee85aa5800 Implicit null exception at 0x000000010b5ea62c to 0x000000010b5eb7bf
Event: 16.979 Thread 0x00007fee85aa5800 Exception <a 'java/lang/NullPointerException'> (0x00000007b83a8740) thrown at [/Users/java_re/workspace/8-2-build-macosx-x86_64/jdk8u45/3457/hotspot/src/share/vm/runtime/sharedRuntime.cpp, line 605]
Event: 17.319 Thread 0x00007fee85aa5800 Exception <a 'java/lang/ArrayIndexOutOfBoundsException': 2383> (0x00000007b67b2b50) thrown at [/Users/java_re/workspace/8-2-build-macosx-x86_64/jdk8u45/3457/hotspot/src/share/vm/interpreter/interpreterRuntime.cpp, line 366]
Event: 17.503 Thread 0x00007fee9120f800 Implicit null exception at 0x000000010ba57b24 to 0x000000010ba59a15
Event: 17.552 Thread 0x00007fee9120f800 Exception <a 'java/lang/NoClassDefFoundError': org/apache/log4j/Category> (0x00000007b8746e90) thrown at [/Users/java_re/workspace/8-2-build-macosx-x86_64/jdk8u45/3457/hotspot/src/share/vm/classfile/systemDictionary.cpp, line 199]
Event: 28.073 Thread 0x00007fee85aa5800 Implicit null exception at 0x000000010b7a0fe0 to 0x000000010b7a1549

Events (10 events):
Event: 1046.187 Executing VM operation: RevokeBias
Event: 1046.187 Executing VM operation: RevokeBias done
Event: 1046.187 Executing VM operation: RevokeBias
Event: 1046.187 Executing VM operation: RevokeBias done
Event: 1047.082 Executing VM operation: RevokeBias
Event: 1047.083 Executing VM operation: RevokeBias done
Event: 1047.083 Executing VM operation: RevokeBias
Event: 1047.083 Executing VM operation: RevokeBias done
Event: 1047.083 Executing VM operation: RevokeBias
Event: 1047.083 Executing VM operation: RevokeBias done


Dynamic libraries:
0x0000000005b16000 	/System/Library/Frameworks/Cocoa.framework/Versions/A/Cocoa
0x0000000005b16000 	/System/Library/Frameworks/Security.framework/Versions/A/Security
0x0000000005b16000 	/System/Library/Frameworks/ApplicationServices.framework/Versions/A/ApplicationServices
0x0000000005b16000 	/usr/lib/libz.1.dylib
0x0000000005b16000 	/usr/lib/libSystem.B.dylib
0x0000000005b16000 	/usr/lib/libobjc.A.dylib
0x0000000005b16000 	/System/Library/Frameworks/CoreFoundation.framework/Versions/A/CoreFoundation
0x0000000005b16000 	/System/Library/Frameworks/Foundation.framework/Versions/C/Foundation
0x0000000005b16000 	/System/Library/Frameworks/AppKit.framework/Versions/C/AppKit
0x0000000005b16000 	/System/Library/Frameworks/CoreData.framework/Versions/A/CoreData
0x0000000005b16000 	/System/Library/PrivateFrameworks/RemoteViewServices.framework/Versions/A/RemoteViewServices
0x0000000005b16000 	/System/Library/PrivateFrameworks/UIFoundation.framework/Versions/A/UIFoundation
0x0000000005b16000 	/System/Library/Frameworks/IOSurface.framework/Versions/A/IOSurface
0x0000000005b16000 	/System/Library/Frameworks/AudioToolbox.framework/Versions/A/AudioToolbox
0x0000000005b16000 	/System/Library/Frameworks/AudioUnit.framework/Versions/A/AudioUnit
0x0000000005b16000 	/System/Library/PrivateFrameworks/DataDetectorsCore.framework/Versions/A/DataDetectorsCore
0x0000000005b16000 	/System/Library/PrivateFrameworks/DesktopServicesPriv.framework/Versions/A/DesktopServicesPriv
0x0000000005b16000 	/System/Library/Frameworks/Carbon.framework/Versions/A/Frameworks/HIToolbox.framework/Versions/A/HIToolbox
0x0000000005b16000 	/System/Library/Frameworks/QuartzCore.framework/Versions/A/QuartzCore
0x0000000005b16000 	/System/Library/Frameworks/Carbon.framework/Versions/A/Frameworks/SpeechRecognition.framework/Versions/A/SpeechRecognition
0x0000000005b16000 	/usr/lib/libauto.dylib
0x0000000005b16000 	/usr/lib/libicucore.A.dylib
0x0000000005b16000 	/usr/lib/libxml2.2.dylib
0x0000000005b16000 	/System/Library/PrivateFrameworks/CoreUI.framework/Versions/A/CoreUI
0x0000000005b16000 	/System/Library/Frameworks/CoreAudio.framework/Versions/A/CoreAudio
0x0000000005b16000 	/System/Library/Frameworks/DiskArbitration.framework/Versions/A/DiskArbitration
0x0000000005b16000 	/usr/lib/liblangid.dylib
0x0000000005b16000 	/System/Library/PrivateFrameworks/MultitouchSupport.framework/Versions/A/MultitouchSupport
0x0000000005b16000 	/System/Library/Frameworks/IOKit.framework/Versions/A/IOKit
0x0000000005b16000 	/usr/lib/libDiagnosticMessagesClient.dylib
0x0000000005b16000 	/System/Library/Frameworks/CoreServices.framework/Versions/A/CoreServices
0x0000000005b16000 	/System/Library/PrivateFrameworks/PerformanceAnalysis.framework/Versions/A/PerformanceAnalysis
0x0000000005b16000 	/System/Library/PrivateFrameworks/GenerationalStorage.framework/Versions/A/GenerationalStorage
0x0000000005b16000 	/System/Library/Frameworks/OpenGL.framework/Versions/A/OpenGL
0x0000000005b16000 	/System/Library/PrivateFrameworks/Sharing.framework/Versions/A/Sharing
0x0000000005b16000 	/System/Library/Frameworks/CoreGraphics.framework/Versions/A/CoreGraphics
0x0000000005b16000 	/System/Library/Frameworks/CoreText.framework/Versions/A/CoreText
0x0000000005b16000 	/System/Library/Frameworks/ImageIO.framework/Versions/A/ImageIO
0x0000000005b16000 	/usr/lib/libextension.dylib
0x0000000005b16000 	/System/Library/PrivateFrameworks/Backup.framework/Versions/A/Backup
0x0000000005b16000 	/usr/lib/libarchive.2.dylib
0x0000000005b16000 	/System/Library/Frameworks/CFNetwork.framework/Versions/A/CFNetwork
0x0000000005b16000 	/System/Library/Frameworks/SystemConfiguration.framework/Versions/A/SystemConfiguration
0x0000000005b16000 	/usr/lib/libCRFSuite.dylib
0x0000000005b16000 	/usr/lib/libc++.1.dylib
0x0000000005b16000 	/usr/lib/libc++abi.dylib
0x0000000005b16000 	/usr/lib/system/libcache.dylib
0x0000000005b16000 	/usr/lib/system/libcommonCrypto.dylib
0x0000000005b16000 	/usr/lib/system/libcompiler_rt.dylib
0x0000000005b16000 	/usr/lib/system/libcopyfile.dylib
0x0000000005b16000 	/usr/lib/system/libcorecrypto.dylib
0x0000000005b16000 	/usr/lib/system/libdispatch.dylib
0x0000000005b16000 	/usr/lib/system/libdyld.dylib
0x0000000005b16000 	/usr/lib/system/libkeymgr.dylib
0x0000000005b16000 	/usr/lib/system/liblaunch.dylib
0x0000000005b16000 	/usr/lib/system/libmacho.dylib
0x0000000005b16000 	/usr/lib/system/libquarantine.dylib
0x0000000005b16000 	/usr/lib/system/libremovefile.dylib
0x0000000005b16000 	/usr/lib/system/libsystem_asl.dylib
0x0000000005b16000 	/usr/lib/system/libsystem_blocks.dylib
0x0000000005b16000 	/usr/lib/system/libsystem_c.dylib
0x0000000005b16000 	/usr/lib/system/libsystem_configuration.dylib
0x0000000005b16000 	/usr/lib/system/libsystem_coreservices.dylib
0x0000000005b16000 	/usr/lib/system/libsystem_coretls.dylib
0x0000000005b16000 	/usr/lib/system/libsystem_dnssd.dylib
0x0000000005b16000 	/usr/lib/system/libsystem_info.dylib
0x0000000005b16000 	/usr/lib/system/libsystem_kernel.dylib
0x0000000005b16000 	/usr/lib/system/libsystem_m.dylib
0x0000000005b16000 	/usr/lib/system/libsystem_malloc.dylib
0x0000000005b16000 	/usr/lib/system/libsystem_network.dylib
0x0000000005b16000 	/usr/lib/system/libsystem_networkextension.dylib
0x0000000005b16000 	/usr/lib/system/libsystem_notify.dylib
0x0000000005b16000 	/usr/lib/system/libsystem_platform.dylib
0x0000000005b16000 	/usr/lib/system/libsystem_pthread.dylib
0x0000000005b16000 	/usr/lib/system/libsystem_sandbox.dylib
0x0000000005b16000 	/usr/lib/system/libsystem_secinit.dylib
0x0000000005b16000 	/usr/lib/system/libsystem_stats.dylib
0x0000000005b16000 	/usr/lib/system/libsystem_trace.dylib
0x0000000005b16000 	/usr/lib/system/libunc.dylib
0x0000000005b16000 	/usr/lib/system/libunwind.dylib
0x0000000005b16000 	/usr/lib/system/libxpc.dylib
0x0000000005b16000 	/usr/lib/libbz2.1.0.dylib
0x0000000005b16000 	/usr/lib/liblzma.5.dylib
0x0000000005b16000 	/usr/lib/libbsm.0.dylib
0x0000000005b16000 	/usr/lib/libsqlite3.dylib
0x0000000005b16000 	/usr/lib/system/libkxld.dylib
0x0000000005b16000 	/usr/lib/libxar.1.dylib
0x0000000005b16000 	/usr/lib/libpam.2.dylib
0x0000000005b16000 	/usr/lib/libOpenScriptingUtil.dylib
0x0000000005b16000 	/System/Library/Frameworks/CoreServices.framework/Versions/A/Frameworks/FSEvents.framework/Versions/A/FSEvents
0x0000000005b16000 	/System/Library/Frameworks/CoreServices.framework/Versions/A/Frameworks/CarbonCore.framework/Versions/A/CarbonCore
0x0000000005b16000 	/System/Library/Frameworks/CoreServices.framework/Versions/A/Frameworks/Metadata.framework/Versions/A/Metadata
0x0000000005b16000 	/System/Library/Frameworks/CoreServices.framework/Versions/A/Frameworks/OSServices.framework/Versions/A/OSServices
0x0000000005b16000 	/System/Library/Frameworks/CoreServices.framework/Versions/A/Frameworks/SearchKit.framework/Versions/A/SearchKit
0x0000000005b16000 	/System/Library/Frameworks/CoreServices.framework/Versions/A/Frameworks/AE.framework/Versions/A/AE
0x0000000005b16000 	/System/Library/Frameworks/CoreServices.framework/Versions/A/Frameworks/LaunchServices.framework/Versions/A/LaunchServices
0x0000000005b16000 	/System/Library/Frameworks/CoreServices.framework/Versions/A/Frameworks/DictionaryServices.framework/Versions/A/DictionaryServices
0x0000000005b16000 	/System/Library/Frameworks/NetFS.framework/Versions/A/NetFS
0x0000000005b16000 	/System/Library/PrivateFrameworks/NetAuth.framework/Versions/A/NetAuth
0x0000000005b16000 	/System/Library/PrivateFrameworks/login.framework/Versions/A/Frameworks/loginsupport.framework/Versions/A/loginsupport
0x0000000005b16000 	/System/Library/PrivateFrameworks/TCC.framework/Versions/A/TCC
0x0000000005b16000 	/usr/lib/libmecabra.dylib
0x0000000005b16000 	/System/Library/Frameworks/ApplicationServices.framework/Versions/A/Frameworks/ATS.framework/Versions/A/ATS
0x0000000005b16000 	/System/Library/Frameworks/ApplicationServices.framework/Versions/A/Frameworks/ColorSync.framework/Versions/A/ColorSync
0x0000000005b16000 	/System/Library/Frameworks/ApplicationServices.framework/Versions/A/Frameworks/HIServices.framework/Versions/A/HIServices
0x0000000005b16000 	/System/Library/Frameworks/ApplicationServices.framework/Versions/A/Frameworks/LangAnalysis.framework/Versions/A/LangAnalysis
0x0000000005b16000 	/System/Library/Frameworks/ApplicationServices.framework/Versions/A/Frameworks/PrintCore.framework/Versions/A/PrintCore
0x0000000005b16000 	/System/Library/Frameworks/ApplicationServices.framework/Versions/A/Frameworks/QD.framework/Versions/A/QD
0x0000000005b16000 	/System/Library/Frameworks/ApplicationServices.framework/Versions/A/Frameworks/SpeechSynthesis.framework/Versions/A/SpeechSynthesis
0x0000000005b16000 	/System/Library/Frameworks/Accelerate.framework/Versions/A/Accelerate
0x0000000005b16000 	/System/Library/Frameworks/Accelerate.framework/Versions/A/Frameworks/vImage.framework/Versions/A/vImage
0x0000000005b16000 	/System/Library/Frameworks/Accelerate.framework/Versions/A/Frameworks/vecLib.framework/Versions/A/vecLib
0x0000000005b16000 	/System/Library/Frameworks/Accelerate.framework/Versions/A/Frameworks/vecLib.framework/Versions/A/libvDSP.dylib
0x0000000005b16000 	/System/Library/Frameworks/Accelerate.framework/Versions/A/Frameworks/vecLib.framework/Versions/A/libvMisc.dylib
0x0000000005b16000 	/System/Library/Frameworks/Accelerate.framework/Versions/A/Frameworks/vecLib.framework/Versions/A/libLAPACK.dylib
0x0000000005b16000 	/System/Library/Frameworks/Accelerate.framework/Versions/A/Frameworks/vecLib.framework/Versions/A/libBLAS.dylib
0x0000000005b16000 	/System/Library/Frameworks/Accelerate.framework/Versions/A/Frameworks/vecLib.framework/Versions/A/libLinearAlgebra.dylib
0x0000000005b16000 	/System/Library/Frameworks/ApplicationServices.framework/Versions/A/Frameworks/ATS.framework/Versions/A/Resources/libFontParser.dylib
0x0000000005b16000 	/System/Library/Frameworks/ApplicationServices.framework/Versions/A/Frameworks/ATS.framework/Versions/A/Resources/libFontRegistry.dylib
0x0000000005b16000 	/System/Library/PrivateFrameworks/AppleVPA.framework/Versions/A/AppleVPA
0x0000000005b16000 	/System/Library/PrivateFrameworks/AppleJPEG.framework/Versions/A/AppleJPEG
0x0000000005b16000 	/System/Library/Frameworks/ImageIO.framework/Versions/A/Resources/libJPEG.dylib
0x0000000005b16000 	/System/Library/Frameworks/ImageIO.framework/Versions/A/Resources/libTIFF.dylib
0x0000000005b16000 	/System/Library/Frameworks/ImageIO.framework/Versions/A/Resources/libPng.dylib
0x0000000005b16000 	/System/Library/Frameworks/ImageIO.framework/Versions/A/Resources/libGIF.dylib
0x0000000005b16000 	/System/Library/Frameworks/ImageIO.framework/Versions/A/Resources/libJP2.dylib
0x0000000005b16000 	/System/Library/Frameworks/ImageIO.framework/Versions/A/Resources/libRadiance.dylib
0x0000000005b16000 	/System/Library/Frameworks/CoreVideo.framework/Versions/A/CoreVideo
0x0000000005b16000 	/System/Library/Frameworks/OpenGL.framework/Versions/A/Libraries/libGLU.dylib
0x0000000005b16000 	/System/Library/Frameworks/OpenGL.framework/Versions/A/Libraries/libGFXShared.dylib
0x0000000005b16000 	/System/Library/Frameworks/OpenGL.framework/Versions/A/Libraries/libGL.dylib
0x0000000005b16000 	/System/Library/Frameworks/OpenGL.framework/Versions/A/Libraries/libGLImage.dylib
0x0000000005b16000 	/System/Library/Frameworks/OpenGL.framework/Versions/A/Libraries/libCVMSPluginSupport.dylib
0x0000000005b16000 	/System/Library/Frameworks/OpenGL.framework/Versions/A/Libraries/libCoreVMClient.dylib
0x0000000005b16000 	/usr/lib/libcups.2.dylib
0x0000000005b16000 	/System/Library/Frameworks/Kerberos.framework/Versions/A/Kerberos
0x0000000005b16000 	/System/Library/Frameworks/GSS.framework/Versions/A/GSS
0x0000000005b16000 	/usr/lib/libresolv.9.dylib
0x0000000005b16000 	/usr/lib/libiconv.2.dylib
0x0000000005b16000 	/System/Library/PrivateFrameworks/Heimdal.framework/Versions/A/Heimdal
0x0000000005b16000 	/usr/lib/libheimdal-asn1.dylib
0x0000000005b16000 	/System/Library/Frameworks/OpenDirectory.framework/Versions/A/OpenDirectory
0x0000000005b16000 	/System/Library/PrivateFrameworks/CommonAuth.framework/Versions/A/CommonAuth
0x0000000005b16000 	/System/Library/Frameworks/OpenDirectory.framework/Versions/A/Frameworks/CFOpenDirectory.framework/Versions/A/CFOpenDirectory
0x0000000005b16000 	/System/Library/Frameworks/SecurityFoundation.framework/Versions/A/SecurityFoundation
0x0000000005b16000 	/System/Library/PrivateFrameworks/LanguageModeling.framework/Versions/A/LanguageModeling
0x0000000005b16000 	/usr/lib/libcmph.dylib
0x0000000005b16000 	/System/Library/Frameworks/ServiceManagement.framework/Versions/A/ServiceManagement
0x0000000005b16000 	/usr/lib/libxslt.1.dylib
0x0000000005b16000 	/System/Library/Frameworks/Carbon.framework/Versions/A/Frameworks/Ink.framework/Versions/A/Ink
0x0000000005b16000 	/System/Library/Frameworks/QuartzCore.framework/Versions/A/Frameworks/CoreImage.framework/Versions/A/CoreImage
0x0000000005b16000 	/System/Library/PrivateFrameworks/CrashReporterSupport.framework/Versions/A/CrashReporterSupport
0x0000000005b16000 	/System/Library/Frameworks/OpenCL.framework/Versions/A/OpenCL
0x0000000005b16000 	/System/Library/PrivateFrameworks/FaceCore.framework/Versions/A/FaceCore
0x0000000005b16000 	/System/Library/PrivateFrameworks/Ubiquity.framework/Versions/A/Ubiquity
0x0000000005b16000 	/System/Library/PrivateFrameworks/IconServices.framework/Versions/A/IconServices
0x0000000005b16000 	/System/Library/PrivateFrameworks/ChunkingLibrary.framework/Versions/A/ChunkingLibrary
0x0000000005b16000 	/System/Library/PrivateFrameworks/Apple80211.framework/Versions/A/Apple80211
0x0000000005b16000 	/System/Library/Frameworks/CoreWLAN.framework/Versions/A/CoreWLAN
0x0000000005b16000 	/System/Library/Frameworks/IOBluetooth.framework/Versions/A/IOBluetooth
0x0000000005b16000 	/System/Library/PrivateFrameworks/CoreWiFi.framework/Versions/A/CoreWiFi
0x0000000005b16000 	/System/Library/Frameworks/CoreBluetooth.framework/Versions/A/CoreBluetooth
0x0000000005b16000 	/System/Library/PrivateFrameworks/DebugSymbols.framework/Versions/A/DebugSymbols
0x0000000005b16000 	/System/Library/PrivateFrameworks/CoreSymbolication.framework/Versions/A/CoreSymbolication
0x0000000005b16000 	/System/Library/PrivateFrameworks/Symbolication.framework/Versions/A/Symbolication
0x0000000005b16000 	/System/Library/PrivateFrameworks/SpeechRecognitionCore.framework/Versions/A/SpeechRecognitionCore
0x000000010a400000 	/Library/Java/JavaVirtualMachines/jdk1.8.0_45.jdk/Contents/Home/jre/lib/server/libjvm.dylib
0x0000000005b16000 	/usr/lib/libstdc++.6.dylib
0x0000000109391000 	/Library/Java/JavaVirtualMachines/jdk1.8.0_45.jdk/Contents/Home/jre/lib/libverify.dylib
0x000000010939f000 	/Library/Java/JavaVirtualMachines/jdk1.8.0_45.jdk/Contents/Home/jre/lib/libjava.dylib
0x000000010b369000 	/Library/Java/JavaVirtualMachines/jdk1.8.0_45.jdk/Contents/Home/jre/lib/libjdwp.dylib
0x00000001093d5000 	/Library/Java/JavaVirtualMachines/jdk1.8.0_45.jdk/Contents/Home/jre/lib/libnpt.dylib
0x00000001093d9000 	/Library/Java/JavaVirtualMachines/jdk1.8.0_45.jdk/Contents/Home/jre/lib/libinstrument.dylib
0x000000010b3ed000 	/Library/Java/JavaVirtualMachines/jdk1.8.0_45.jdk/Contents/Home/jre/lib/libzip.dylib
0x000000011ecb3000 	/System/Library/Frameworks/JavaVM.framework/Frameworks/JavaRuntimeSupport.framework/JavaRuntimeSupport
0x000000011eccb000 	/System/Library/Frameworks/JavaVM.framework/Versions/A/Frameworks/JavaNativeFoundation.framework/Versions/A/JavaNativeFoundation
0x000000011ece0000 	/System/Library/Frameworks/JavaVM.framework/Versions/A/JavaVM
0x0000000005b16000 	/System/Library/Frameworks/Carbon.framework/Versions/A/Carbon
0x000000011eced000 	/System/Library/PrivateFrameworks/JavaLaunching.framework/Versions/A/JavaLaunching
0x0000000005b16000 	/System/Library/Frameworks/Carbon.framework/Versions/A/Frameworks/CommonPanels.framework/Versions/A/CommonPanels
0x0000000005b16000 	/System/Library/Frameworks/Carbon.framework/Versions/A/Frameworks/Help.framework/Versions/A/Help
0x0000000005b16000 	/System/Library/Frameworks/Carbon.framework/Versions/A/Frameworks/ImageCapture.framework/Versions/A/ImageCapture
0x0000000005b16000 	/System/Library/Frameworks/Carbon.framework/Versions/A/Frameworks/OpenScripting.framework/Versions/A/OpenScripting
0x0000000005b16000 	/System/Library/Frameworks/Carbon.framework/Versions/A/Frameworks/Print.framework/Versions/A/Print
0x0000000005b16000 	/System/Library/Frameworks/Carbon.framework/Versions/A/Frameworks/SecurityHI.framework/Versions/A/SecurityHI
0x0000000120759000 	/Library/Java/JavaVirtualMachines/jdk1.8.0_45.jdk/Contents/Home/jre/lib/libdt_socket.dylib
0x000000012197b000 	/Library/Java/JavaVirtualMachines/jdk1.8.0_45.jdk/Contents/Home/jre/lib/libnet.dylib
0x0000000121992000 	/Library/Java/JavaVirtualMachines/jdk1.8.0_45.jdk/Contents/Home/jre/lib/libawt.dylib
0x0000000121a3a000 	/Library/Java/JavaVirtualMachines/jdk1.8.0_45.jdk/Contents/Home/jre/lib/./libmlib_image.dylib
0x0000000121b06000 	/Library/Java/JavaVirtualMachines/jdk1.8.0_45.jdk/Contents/Home/jre/lib/libawt_lwawt.dylib
0x0000000121bba000 	/Library/Java/JavaVirtualMachines/jdk1.8.0_45.jdk/Contents/Home/jre/lib/./libosxapp.dylib
0x0000000005b16000 	/System/Library/Frameworks/ExceptionHandling.framework/Versions/A/ExceptionHandling
0x0000000005b16000 	/System/Library/PrivateFrameworks/CoreServicesInternal.framework/Versions/A/CoreServicesInternal
0x0000000005b16000 	/System/Library/PrivateFrameworks/CloudDocs.framework/Versions/A/CloudDocs
0x0000000005b16000 	/System/Library/PrivateFrameworks/CoreDuet.framework/Versions/A/CoreDuet
0x0000000005b16000 	/System/Library/Frameworks/CloudKit.framework/Versions/A/CloudKit
0x0000000005b16000 	/System/Library/PrivateFrameworks/ProtocolBuffer.framework/Versions/A/ProtocolBuffer
0x0000000005b16000 	/System/Library/PrivateFrameworks/CoreDuetDaemonProtocol.framework/Versions/A/CoreDuetDaemonProtocol
0x0000000005b16000 	/System/Library/PrivateFrameworks/CoreDuetDebugLogging.framework/Versions/A/CoreDuetDebugLogging
0x0000000005b16000 	/System/Library/PrivateFrameworks/MMCS.framework/Versions/A/MMCS
0x0000000005b16000 	/System/Library/Frameworks/CoreLocation.framework/Versions/A/CoreLocation
0x0000000005b16000 	/System/Library/PrivateFrameworks/ProtectedCloudStorage.framework/Versions/A/ProtectedCloudStorage
0x0000000005b16000 	/System/Library/PrivateFrameworks/GeoServices.framework/Versions/A/GeoServices
0x0000000005b16000 	/System/Library/Frameworks/CoreGraphics.framework/Versions/A/Resources/libCGCMS.A.dylib
0x0000000005b16000 	/System/Library/Frameworks/OpenGL.framework/Versions/A/Resources/GLEngine.bundle/GLEngine
0x0000000005b16000 	/System/Library/Frameworks/OpenGL.framework/Versions/A/Libraries/libGLProgrammability.dylib
0x0000000000000000 	/System/Library/Extensions/AppleIntelHD5000GraphicsGLDriver.bundle/Contents/MacOS/AppleIntelHD5000GraphicsGLDriver
0x0000000005b16000 	/System/Library/PrivateFrameworks/IOAccelerator.framework/Versions/A/IOAccelerator
0x0000000005b16000 	/System/Library/PrivateFrameworks/GPUSupport.framework/Versions/A/Libraries/libGPUSupportMercury.dylib
0x0000000005b16000 	/System/Library/Frameworks/OpenGL.framework/Versions/A/Resources/GLRendererFloat.bundle/GLRendererFloat
0x0000000005b16000 	/System/Library/Frameworks/OpenCL.framework/Versions/A/Libraries/libcldcpuengine.dylib
0x0000000005b16000 	/System/Library/PrivateFrameworks/DiskImages.framework/Versions/A/DiskImages
0x0000000005b16000 	/System/Library/Frameworks/DiscRecording.framework/Versions/A/DiscRecording
0x0000000005b16000 	/usr/lib/libcsfde.dylib
0x0000000005b16000 	/usr/lib/libcurl.4.dylib
0x0000000005b16000 	/System/Library/PrivateFrameworks/MediaKit.framework/Versions/A/MediaKit
0x0000000005b16000 	/usr/lib/libCoreStorage.dylib
0x0000000005b16000 	/System/Library/PrivateFrameworks/EFILogin.framework/Versions/A/EFILogin
0x0000000005b16000 	/usr/lib/libutil.dylib
0x0000000005b16000 	/System/Library/PrivateFrameworks/FindMyDevice.framework/Versions/A/FindMyDevice
0x0000000005b16000 	/System/Library/Frameworks/LDAP.framework/Versions/A/LDAP
0x0000000005b16000 	/usr/lib/libsasl2.2.dylib
0x0000000005b16000 	/System/Library/PrivateFrameworks/CoreDaemon.framework/Versions/B/CoreDaemon
0x0000000005b16000 	/usr/lib/libcrypto.0.9.8.dylib
0x0000000005b16000 	/System/Library/PrivateFrameworks/AppleSRP.framework/Versions/A/AppleSRP
0x0000000005b16000 	/System/Library/PrivateFrameworks/TrustEvaluationAgent.framework/Versions/A/TrustEvaluationAgent
0x0000000005b16000 	/System/Library/Frameworks/CoreGraphics.framework/Versions/A/Resources/libRIP.A.dylib
0x000000012403e000 	/Library/Java/JavaVirtualMachines/jdk1.8.0_45.jdk/Contents/Home/jre/lib/libfontmanager.dylib
0x00000001217ac000 	/Library/Java/JavaVirtualMachines/jdk1.8.0_45.jdk/Contents/Home/jre/lib/libosx.dylib
0x00000001218bf000 	/Library/Java/JavaVirtualMachines/jdk1.8.0_45.jdk/Contents/Home/jre/lib/libnio.dylib
0x000000011ee33000 	/Library/Java/JavaVirtualMachines/jdk1.8.0_45.jdk/Contents/Home/jre/lib/libsunec.dylib

VM Arguments:
jvm_args: -agentlib:jdwp=transport=dt_socket,suspend=y,address=localhost:50206 -Ddatastore.default_high_rep_job_policy_unapplied_job_pct=50 -Xmx512m -javaagent:/Applications/eclipse/plugins/com.google.appengine.eclipse.sdkbundle_1.9.21/appengine-java-sdk-1.9.21/lib/agent/appengine-agent.jar -Xbootclasspath/p:/Applications/eclipse/plugins/com.google.appengine.eclipse.sdkbundle_1.9.20/appengine-java-sdk-1.9.20/lib/override/appengine-dev-jdk-overrides.jar -Dfile.encoding=UTF-8 
java_command: com.google.gwt.dev.DevMode -superDevMode -remoteUI 53854:73532992780516 -startupUrl VCloudAirShare.html -logLevel INFO -codeServerPort 9997 -port 8888 -server com.google.appengine.tools.development.gwt.AppEngineLauncher -war /Users/warmkessel/Workspace/vCloudAirShare/vCloudAirShare/war com.vcloudairshare.VCloudAirShare
java_class_path (initial): /Users/warmkessel/Workspace/vCloudAirShare/vCloudAirShare/src:/Users/warmkessel/Workspace/vCloudAirShare/vCloudAirShare/.apt_generated:/Users/warmkessel/Workspace/vCloudAirShare/vCloudAirShare/test-classes:/Users/warmkessel/Workspace/vCloudAirShare/vCloudAirShare/war/WEB-INF/classes:/Applications/eclipse/plugins/com.google.appengine.eclipse.sdkbundle_1.9.21/appengine-java-sdk-1.9.21/lib/shared/appengine-local-runtime-shared.jar:/Applications/eclipse/plugins/com.google.appengine.eclipse.sdkbundle_1.9.21/appengine-java-sdk-1.9.21/lib/shared/el-api.jar:/Applications/eclipse/plugins/com.google.appengine.eclipse.sdkbundle_1.9.21/appengine-java-sdk-1.9.21/lib/shared/jsp/repackaged-appengine-ant-1.7.1.jar:/Applications/eclipse/plugins/com.google.appengine.eclipse.sdkbundle_1.9.21/appengine-java-sdk-1.9.21/lib/shared/jsp/repackaged-appengine-ant-launcher-1.7.1.jar:/Applications/eclipse/plugins/com.google.appengine.eclipse.sdkbundle_1.9.21/appengine-java-sdk-1.9.21/lib/shared/jsp/repackaged-appengine-jasper-6.0.29.jar:/Applications/eclipse/plugins/com.google.appengine.eclipse.sdkbundle_1.9.21/appengine-java-sdk-1.9.21/lib/shared/jsp/repackaged-appengine-jasper-el-6.0.29.jar:/Applications/eclipse/plugins/com.google.appengine.eclipse.sdkbundle_1.9.21/appengine-java-sdk-1.9.21/lib/shared/jsp/repackaged-appengine-tomcat-juli-6.0.29.jar:/Applications/eclipse/plugins/com.google.appengine.eclipse.sdkbundle_1.9.21/appengine-java-sdk-1.9.21/lib/shared/jsp-api.jar:/Applications/eclipse/plugins/com.google.appengine.eclipse.sdkbundle_1.9.21/appengine-java-sdk-1.9.21/lib/shared/servlet-api.jar:/Applications/eclipse/plugins/com.google.appengine.eclipse.sdkbundle_1.9.21/appengine-java-sdk-1.9.21/lib/appengine-tools-api.jar:/Applications/eclipse/plugins/com.google.appengine.eclipse.sdkbundle_1.9.21/appengine-java-sdk-1.9.21/lib/opt/user/appengine-api-labs/v1/appengine-api-labs.jar:/Applications/eclipse/plugins/com.google.appengine.eclipse.sdkbundle_1.9.21/appeng
Launcher Type: SUN_STANDARD

Environment Variables:
PATH=/usr/bin:/bin:/usr/sbin:/sbin
SHELL=/bin/bash

Signal Handlers:
SIGSEGV: [libjvm.dylib+0x58ef95], sa_mask[0]=11111111011111110111111111111111, sa_flags=SA_ONSTACK|SA_RESTART|SA_SIGINFO
SIGBUS: [libjvm.dylib+0x58ef95], sa_mask[0]=11111111011111110111111111111111, sa_flags=SA_RESTART|SA_SIGINFO
SIGFPE: [libjvm.dylib+0x46c108], sa_mask[0]=11111111011111110111111111111111, sa_flags=SA_RESTART|SA_SIGINFO
SIGPIPE: [libjvm.dylib+0x46c108], sa_mask[0]=11111111011111110111111111111111, sa_flags=SA_RESTART|SA_SIGINFO
SIGXFSZ: [libjvm.dylib+0x46c108], sa_mask[0]=11111111011111110111111111111111, sa_flags=SA_RESTART|SA_SIGINFO
SIGILL: [libjvm.dylib+0x46c108], sa_mask[0]=11111111011111110111111111111111, sa_flags=SA_RESTART|SA_SIGINFO
SIGUSR1: SIG_DFL, sa_mask[0]=00000000000000000000000000000000, sa_flags=none
SIGUSR2: [libjvm.dylib+0x46bc26], sa_mask[0]=00100000000000000000000000000000, sa_flags=SA_RESTART|SA_SIGINFO
SIGHUP: [libjvm.dylib+0x46a1f9], sa_mask[0]=11111111011111110111111111111111, sa_flags=SA_RESTART|SA_SIGINFO
SIGINT: [libjvm.dylib+0x46a1f9], sa_mask[0]=11111111011111110111111111111111, sa_flags=SA_RESTART|SA_SIGINFO
SIGTERM: [libjvm.dylib+0x46a1f9], sa_mask[0]=11111111011111110111111111111111, sa_flags=SA_RESTART|SA_SIGINFO
SIGQUIT: [libjvm.dylib+0x46a1f9], sa_mask[0]=11111111011111110111111111111111, sa_flags=SA_RESTART|SA_SIGINFO


---------------  S Y S T E M  ---------------

OS:Bsduname:Darwin 14.3.0 Darwin Kernel Version 14.3.0: Mon Mar 23 11:59:05 PDT 2015; root:xnu-2782.20.48~5/RELEASE_X86_64 x86_64
rlimit: STACK 8192k, CORE 0k, NPROC 709, NOFILE 10240, AS infinity
load average:1.62 1.70 1.76

CPU:total 8 (4 cores per cpu, 2 threads per core) family 6 model 70 stepping 1, cmov, cx8, fxsr, mmx, sse, sse2, sse3, ssse3, sse4.1, sse4.2, popcnt, avx, avx2, aes, clmul, erms, rtm, lzcnt, ht, tsc, tscinvbit, bmi1, bmi2

Memory: 4k page, physical 16777216k(2064252k free)

/proc/meminfo:


vm_info: Java HotSpot(TM) 64-Bit Server VM (25.45-b02) for bsd-amd64 JRE (1.8.0_45-b14), built on Apr 10 2015 10:46:38 by "java_re" with gcc 4.2.1 (Based on Apple Inc. build 5658) (LLVM build 2336.11.00)

time: Mon Jun  1 13:41:56 2015
elapsed time: 1051 seconds (0d 0h 17m 31s)

