#
# A fatal error has been detected by the Java Runtime Environment:
#
#  SIGSEGV (0xb) at pc=0x000000010ae32d10, pid=1391, tid=18179
#
# JRE version: Java(TM) SE Runtime Environment (8.0_45-b14) (build 1.8.0_45-b14)
# Java VM: Java HotSpot(TM) 64-Bit Server VM (25.45-b02 mixed mode bsd-amd64 compressed oops)
# Problematic frame:
# V  [libjvm.dylib+0x432d10]
#
# Failed to write core dump. Core dumps have been disabled. To enable core dumping, try "ulimit -c unlimited" before starting Java again
#
# If you would like to submit a bug report, please visit:
#   http://bugreport.java.com/bugreport/crash.jsp
#

---------------  T H R E A D  ---------------

Current thread (0x00007fc3c5806800):  JavaThread "JDWP Transport Listener: dt_socket" daemon [_thread_in_vm, id=18179, stack(0x0000000120d5b000,0x0000000120e5b000)]

siginfo: si_signo: 11 (SIGSEGV), si_code: 0 (unknown), si_addr: 0x0000000000000000

Registers:
RAX=0x0000000000000001, RBX=0x0000000120e5aa8b, RCX=0x000000010b1fa190, RDX=0x0000000120e5aa8b
RSP=0x0000000120e5a9d0, RBP=0x0000000120e5a9e0, RSI=0x00007fc3c5806800, RDI=0x4000000000000000
R8 =0x0000000000000000, R9 =0x00007fc3cb800000, R10=0x0000000000000010, R11=0x00007fc3cb800000
R12=0x00007fc3c5806800, R13=0x4000000000000000, R14=0x4000000000000000, R15=0x00007fc3c3c20c50
RIP=0x000000010ae32d10, EFLAGS=0x0000000000010206, ERR=0x0000000000000000
  TRAPNO=0x000000000000000d

Top of Stack: (sp=0x0000000120e5a9d0)
0x0000000120e5a9d0:   0000000120e5aa8b 0000000120e5aa8b
0x0000000120e5a9e0:   0000000120e5aa40 000000010ad430d6
0x0000000120e5a9f0:   00007fc3c5806800 0000000000000000
0x0000000120e5aa00:   0000000000000000 0000000000000000
0x0000000120e5aa10:   00007fc3c5806800 00007fc3c5806800
0x0000000120e5aa20:   0000000120e5aa8b 0000000120e5aa90
0x0000000120e5aa30:   4000000000000000 0000000000000008
0x0000000120e5aa40:   0000000120e5aa60 000000010b989780
0x0000000120e5aa50:   0000000000000001 0000000120e5ab08
0x0000000120e5aa60:   0000000120e5aad0 000000010b96e1f3
0x0000000120e5aa70:   0000000120e5aaa0 00007fc3cb8176b0
0x0000000120e5aa80:   0000000900000032 0000000900e5ab08
0x0000000120e5aa90:   0000000000000000 0000000000000000
0x0000000120e5aaa0:   0000000000000000 0000000120e5ac90
0x0000000120e5aab0:   000000010b990e7a 00007fc3c3cbfa10
0x0000000120e5aac0:   0000000120e5ab08 000000010b99c598
0x0000000120e5aad0:   0000000120e5aae0 000000010b96e2ec
0x0000000120e5aae0:   0000000120e5ad00 000000010b977898
0x0000000120e5aaf0:   0000123600000013 00000000000f0200
0x0000000120e5ab00:   00007fc3c6788780 00007fc3cb86d4fc
0x0000000120e5ab10:   00007fc30000018c 00007fc3cb86c9a0
0x0000000120e5ab20:   00007fc30000012c 0000000120e5ab58
0x0000000120e5ab30:   00007fc3cb86c9a0 00007f0000000000
0x0000000120e5ab40:   000012360000001c 00007fff00008f80
0x0000000120e5ab50:   0000000120e5ab58 c37f000009000000
0x0000000120e5ab60:   0b00000090ae98cb 5574736575716572
0x0000000120e5ab70:   2825000000324c52 656e2f6176616a4c
0x0000000120e5ab80:   4c293b4c52552f74 2f6f692f6176616a
0x0000000120e5ab90:   7274537475706e49 000000003b6d6165
0x0000000120e5aba0:   c37f00000a000000 06000000387b0fc6
0x0000000120e5abb0:   00003e74696e693c 0000005629280300
0x0000000120e5abc0:   7f00000100000000 000000487b0fc6c3 

Instructions: (pc=0x000000010ae32d10)
0x000000010ae32cf0:   40 48 48 85 c0 75 e0 30 c0 0f b6 c0 5d c3 31 c0
0x000000010ae32d00:   5d c3 55 48 89 e5 53 48 83 ec 08 48 85 ff 74 24
0x000000010ae32d10:   48 8b 1f 48 85 db 74 1c 48 83 fb 37 74 16 48 8b
0x000000010ae32d20:   03 48 89 df ff 50 10 84 c0 b8 00 00 00 00 48 0f 

Register to memory mapping:

RAX=0x0000000000000001 is an unknown value
RBX=0x0000000120e5aa8b is pointing into the stack for thread: 0x00007fc3c5806800
RCX=0x000000010b1fa190: UseMembar+0 in /Library/Java/JavaVirtualMachines/jdk1.8.0_45.jdk/Contents/Home/jre/lib/server/libjvm.dylib at 0x000000010aa00000
RDX=0x0000000120e5aa8b is pointing into the stack for thread: 0x00007fc3c5806800
RSP=0x0000000120e5a9d0 is pointing into the stack for thread: 0x00007fc3c5806800
RBP=0x0000000120e5a9e0 is pointing into the stack for thread: 0x00007fc3c5806800
RSI=0x00007fc3c5806800 is a thread
RDI=0x4000000000000000 is an unknown value
R8 =0x0000000000000000 is an unknown value
R9 =0x00007fc3cb800000 is an unknown value
R10=0x0000000000000010 is an unknown value
R11=0x00007fc3cb800000 is an unknown value
R12=0x00007fc3c5806800 is a thread
R13=0x4000000000000000 is an unknown value
R14=0x4000000000000000 is an unknown value
R15=0x00007fc3c3c20c50 is an unknown value


Stack: [0x0000000120d5b000,0x0000000120e5b000],  sp=0x0000000120e5a9d0,  free space=1022k
Native frames: (J=compiled Java code, j=interpreted, Vv=VM code, C=native code)
V  [libjvm.dylib+0x432d10]
V  [libjvm.dylib+0x3430d6]
C  [libjdwp.dylib+0x20780]  isMethodSynthetic+0x63
C  [libjdwp.dylib+0x51f3]  methods1+0x10b
C  [libjdwp.dylib+0x52ec]  methodsWithGeneric+0xe
C  [libjdwp.dylib+0xe898]  debugLoop_run+0x1ce
C  [libjdwp.dylib+0x1f6ba]  attachThread+0x4d
V  [libjvm.dylib+0x38401c]
V  [libjvm.dylib+0x549acf]
V  [libjvm.dylib+0x54b1c0]
V  [libjvm.dylib+0x46ea7e]
C  [libsystem_pthread.dylib+0x3268]  _pthread_body+0x83
C  [libsystem_pthread.dylib+0x31e5]  _pthread_body+0x0
C  [libsystem_pthread.dylib+0x141d]  thread_start+0xd
C  0x0000000000000000


---------------  P R O C E S S  ---------------

Java Threads: ( => current thread )
  0x00007fc3cb228800 JavaThread "Timer-1" daemon [_thread_blocked, id=38675, stack(0x0000000126a25000,0x0000000126b25000)]
  0x00007fc3c4f9f800 JavaThread "qtp190264518-41" [_thread_blocked, id=44547, stack(0x00000001289bc000,0x0000000128abc000)]
  0x00007fc3c7dc6000 JavaThread "qtp190264518-40" [_thread_blocked, id=44035, stack(0x00000001288b9000,0x00000001289b9000)]
  0x00007fc3cacce000 JavaThread "qtp190264518-39" [_thread_blocked, id=43523, stack(0x00000001287b6000,0x00000001288b6000)]
  0x00007fc3c5df7000 JavaThread "qtp190264518-38" [_thread_blocked, id=43011, stack(0x0000000128135000,0x0000000128235000)]
  0x00007fc3caccd800 JavaThread "qtp190264518-37 Acceptor1 SelectChannelConnector@127.0.0.1:9876" [_thread_in_native, id=42499, stack(0x0000000128032000,0x0000000128132000)]
  0x00007fc3ca1af000 JavaThread "qtp190264518-36 Acceptor0 SelectChannelConnector@127.0.0.1:9876" [_thread_blocked, id=41987, stack(0x0000000127f2f000,0x000000012802f000)]
  0x00007fc3ca1ae000 JavaThread "qtp190264518-35 Selector1" [_thread_in_native, id=41475, stack(0x0000000127e2c000,0x0000000127f2c000)]
  0x00007fc3c5660800 JavaThread "qtp190264518-34 Selector0" [_thread_in_native, id=40963, stack(0x0000000127c91000,0x0000000127d91000)]
  0x00007fc3c5661000 JavaThread "HashSessionScavenger-0" daemon [_thread_blocked, id=40451, stack(0x0000000126e7b000,0x0000000126f7b000)]
  0x00007fc3c8437000 JavaThread "2134744933@qtp-1102145646-1 - Acceptor0 SelectChannelConnector@0.0.0.0:8888" [_thread_in_native, id=39947, stack(0x0000000127502000,0x0000000127602000)]
  0x00007fc3c6bed000 JavaThread "360405502@qtp-1102145646-0" [_thread_blocked, id=39207, stack(0x000000012678a000,0x000000012688a000)]
  0x00007fc3c4275000 JavaThread "Timer-0" daemon [_thread_blocked, id=38147, stack(0x0000000125561000,0x0000000125661000)]
  0x00007fc3c59d8800 JavaThread "pool-1-thread-1" [_thread_blocked, id=37123, stack(0x00000001251c9000,0x00000001252c9000)]
  0x00007fc3c427d800 JavaThread "Thread-2" daemon [_thread_blocked, id=36099, stack(0x0000000124875000,0x0000000124975000)]
  0x00007fc3c4279800 JavaThread "Thread-1" [_thread_in_native, id=35847, stack(0x0000000124772000,0x0000000124872000)]
  0x00007fc3c5170800 JavaThread "Java2D Disposer" daemon [_thread_blocked, id=33839, stack(0x000000012419d000,0x000000012429d000)]
  0x00007fc3c427e800 JavaThread "Java2D Queue Flusher" daemon [_thread_blocked, id=30483, stack(0x00000001236fd000,0x00000001237fd000)]
  0x00007fc3c504c000 JavaThread "Service Thread" daemon [_thread_blocked, id=21763, stack(0x0000000121b38000,0x0000000121c38000)]
  0x00007fc3c5805800 JavaThread "C1 CompilerThread3" daemon [_thread_blocked, id=21251, stack(0x0000000121a35000,0x0000000121b35000)]
  0x00007fc3c5057000 JavaThread "C2 CompilerThread2" daemon [_thread_blocked, id=20739, stack(0x0000000121932000,0x0000000121a32000)]
  0x00007fc3c5809800 JavaThread "C2 CompilerThread1" daemon [_thread_blocked, id=20227, stack(0x000000012182f000,0x000000012192f000)]
  0x00007fc3c4115000 JavaThread "C2 CompilerThread0" daemon [_thread_blocked, id=19715, stack(0x000000012172c000,0x000000012182c000)]
  0x00007fc3c5808800 JavaThread "JDWP Command Reader" daemon [_thread_in_native, id=19203, stack(0x0000000120f61000,0x0000000121061000)]
  0x00007fc3c5808000 JavaThread "JDWP Event Helper Thread" daemon [_thread_blocked, id=18691, stack(0x0000000120e5e000,0x0000000120f5e000)]
=>0x00007fc3c5806800 JavaThread "JDWP Transport Listener: dt_socket" daemon [_thread_in_vm, id=18179, stack(0x0000000120d5b000,0x0000000120e5b000)]
  0x00007fc3c680e000 JavaThread "Signal Dispatcher" daemon [_thread_blocked, id=14351, stack(0x0000000120c51000,0x0000000120d51000)]
  0x00007fc3c4052800 JavaThread "Finalizer" daemon [_thread_blocked, id=13571, stack(0x000000011f1a9000,0x000000011f2a9000)]
  0x00007fc3c4051800 JavaThread "Reference Handler" daemon [_thread_blocked, id=13059, stack(0x000000011f0a6000,0x000000011f1a6000)]
  0x00007fc3c4015800 JavaThread "main" [_thread_blocked, id=1811, stack(0x00007fff55b8d000,0x00007fff5638d000)]

Other Threads:
  0x00007fc3c404f000 VMThread [stack: 0x000000011efa3000,0x000000011f0a3000] [id=12547]
  0x00007fc3c504c800 WatcherThread [stack: 0x0000000121c3b000,0x0000000121d3b000] [id=22275]

VM state:not at safepoint (normal execution)

VM Mutex/Monitor currently owned by a thread: None

Heap:
 PSYoungGen      total 116736K, used 17698K [0x00000007b5580000, 0x00000007c0000000, 0x00000007c0000000)
  eden space 65536K, 16% used [0x00000007b5580000,0x00000007b5fde0c0,0x00000007b9580000)
  from space 51200K, 13% used [0x00000007bc900000,0x00000007bcfeaaf0,0x00000007bfb00000)
  to   space 52736K, 0% used [0x00000007b9580000,0x00000007b9580000,0x00000007bc900000)
 ParOldGen       total 260096K, used 82543K [0x00000007a0000000, 0x00000007afe00000, 0x00000007b5580000)
  object space 260096K, 31% used [0x00000007a0000000,0x00000007a509bc18,0x00000007afe00000)
 Metaspace       used 42747K, capacity 43328K, committed 43816K, reserved 1087488K
  class space    used 4900K, capacity 5047K, committed 5168K, reserved 1048576K

Card table byte_map: [0x000000011adae000,0x000000011aeaf000] byte_map_base: 0x00000001170ae000

Marking Bits: (ParMarkBitMap*) 0x000000010b2c27a0
 Begin Bits: [0x000000011b772000, 0x000000011bf72000)
 End Bits:   [0x000000011bf72000, 0x000000011c772000)

Polling page: 0x00000001099cd000

CodeCache: size=245760Kb used=12599Kb max_used=13138Kb free=233160Kb
 bounds [0x000000010b9ee000, 0x000000010c7ee000, 0x000000011a9ee000]
 total_blobs=4243 nmethods=3733 adapters=431
 compilation: enabled

Compilation events (10 events):
Event: 124.648 Thread 0x00007fc3c5805800 4784       1       org.mortbay.jetty.nio.SelectChannelConnector::getConnection (5 bytes)
Event: 124.648 Thread 0x00007fc3c5805800 nmethod 4784 0x000000010bce7bd0 code [0x000000010bce7d20, 0x000000010bce7e30]
Event: 124.649 Thread 0x00007fc3c5805800 4785   !   3       org.mortbay.thread.Timeout::getTimeToNext (69 bytes)
Event: 124.649 Thread 0x00007fc3c5805800 nmethod 4785 0x000000010bdbaa10 code [0x000000010bdbab80, 0x000000010bdbafb0]
Event: 125.649 Thread 0x00007fc3c5805800 4786       3       org.mortbay.thread.Timeout::tick (10 bytes)
Event: 125.649 Thread 0x00007fc3c5805800 nmethod 4786 0x000000010c53b6d0 code [0x000000010c53b840, 0x000000010c53ba08]
Event: 125.649 Thread 0x00007fc3c5805800 4787   !   3       org.mortbay.thread.Timeout::tick (98 bytes)
Event: 125.650 Thread 0x00007fc3c5805800 nmethod 4787 0x000000010c095050 code [0x000000010c095240, 0x000000010c095b58]
Event: 131.184 Thread 0x00007fc3c5805800 4788       1       sun.java2d.pipe.RenderBuffer::position (11 bytes)
Event: 131.184 Thread 0x00007fc3c5805800 nmethod 4788 0x000000010c215250 code [0x000000010c2153a0, 0x000000010c2154b0]

GC Heap History (10 events):
Event: 3.133 GC heap before
{Heap before GC invocations=10 (full 1):
 PSYoungGen      total 117760K, used 79881K [0x00000007b5580000, 0x00000007c0000000, 0x00000007c0000000)
  eden space 60416K, 100% used [0x00000007b5580000,0x00000007b9080000,0x00000007b9080000)
  from space 57344K, 33% used [0x00000007bc800000,0x00000007bdb02580,0x00000007c0000000)
  to   space 56832K, 0% used [0x00000007b9080000,0x00000007b9080000,0x00000007bc800000)
 ParOldGen       total 221184K, used 106743K [0x00000007a0000000, 0x00000007ad800000, 0x00000007b5580000)
  object space 221184K, 48% used [0x00000007a0000000,0x00000007a683de08,0x00000007ad800000)
 Metaspace       used 29065K, capacity 29608K, committed 29744K, reserved 1075200K
  class space    used 3429K, capacity 3592K, committed 3632K, reserved 1048576K
Event: 3.146 GC heap after
Heap after GC invocations=10 (full 1):
 PSYoungGen      total 84992K, used 24064K [0x00000007b5580000, 0x00000007bfb80000, 0x00000007c0000000)
  eden space 60416K, 0% used [0x00000007b5580000,0x00000007b5580000,0x00000007b9080000)
  from space 24576K, 97% used [0x00000007b9080000,0x00000007ba800038,0x00000007ba880000)
  to   space 54784K, 0% used [0x00000007bc600000,0x00000007bc600000,0x00000007bfb80000)
 ParOldGen       total 221184K, used 106751K [0x00000007a0000000, 0x00000007ad800000, 0x00000007b5580000)
  object space 221184K, 48% used [0x00000007a0000000,0x00000007a683fe08,0x00000007ad800000)
 Metaspace       used 29065K, capacity 29608K, committed 29744K, reserved 1075200K
  class space    used 3429K, capacity 3592K, committed 3632K, reserved 1048576K
}
Event: 13.661 GC heap before
{Heap before GC invocations=11 (full 1):
 PSYoungGen      total 84992K, used 84480K [0x00000007b5580000, 0x00000007bfb80000, 0x00000007c0000000)
  eden space 60416K, 100% used [0x00000007b5580000,0x00000007b9080000,0x00000007b9080000)
  from space 24576K, 97% used [0x00000007b9080000,0x00000007ba800038,0x00000007ba880000)
  to   space 54784K, 0% used [0x00000007bc600000,0x00000007bc600000,0x00000007bfb80000)
 ParOldGen       total 221184K, used 106751K [0x00000007a0000000, 0x00000007ad800000, 0x00000007b5580000)
  object space 221184K, 48% used [0x00000007a0000000,0x00000007a683fe08,0x00000007ad800000)
 Metaspace       used 33864K, capacity 34512K, committed 34608K, reserved 1079296K
  class space    used 3970K, capacity 4138K, committed 4144K, reserved 1048576K
Event: 13.672 GC heap after
Heap after GC invocations=11 (full 1):
 PSYoungGen      total 117248K, used 27429K [0x00000007b5580000, 0x00000007c0000000, 0x00000007c0000000)
  eden space 62464K, 0% used [0x00000007b5580000,0x00000007b5580000,0x00000007b9280000)
  from space 54784K, 50% used [0x00000007bc600000,0x00000007be0c9540,0x00000007bfb80000)
  to   space 52736K, 0% used [0x00000007b9280000,0x00000007b9280000,0x00000007bc600000)
 ParOldGen       total 221184K, used 106759K [0x00000007a0000000, 0x00000007ad800000, 0x00000007b5580000)
  object space 221184K, 48% used [0x00000007a0000000,0x00000007a6841e08,0x00000007ad800000)
 Metaspace       used 33864K, capacity 34512K, committed 34608K, reserved 1079296K
  class space    used 3970K, capacity 4138K, committed 4144K, reserved 1048576K
}
Event: 13.760 GC heap before
{Heap before GC invocations=12 (full 1):
 PSYoungGen      total 117248K, used 41386K [0x00000007b5580000, 0x00000007c0000000, 0x00000007c0000000)
  eden space 62464K, 22% used [0x00000007b5580000,0x00000007b63213c0,0x00000007b9280000)
  from space 54784K, 50% used [0x00000007bc600000,0x00000007be0c9540,0x00000007bfb80000)
  to   space 52736K, 0% used [0x00000007b9280000,0x00000007b9280000,0x00000007bc600000)
 ParOldGen       total 221184K, used 106759K [0x00000007a0000000, 0x00000007ad800000, 0x00000007b5580000)
  object space 221184K, 48% used [0x00000007a0000000,0x00000007a6841e08,0x00000007ad800000)
 Metaspace       used 34776K, capacity 35312K, committed 35496K, reserved 1081344K
  class space    used 4079K, capacity 4234K, committed 4272K, reserved 1048576K
Event: 13.773 GC heap after
Heap after GC invocations=12 (full 1):
 PSYoungGen      total 115200K, used 23742K [0x00000007b5580000, 0x00000007bfb00000, 0x00000007c0000000)
  eden space 62464K, 0% used [0x00000007b5580000,0x00000007b5580000,0x00000007b9280000)
  from space 52736K, 45% used [0x00000007b9280000,0x00000007ba9af9b0,0x00000007bc600000)
  to   space 51200K, 0% used [0x00000007bc900000,0x00000007bc900000,0x00000007bfb00000)
 ParOldGen       total 221184K, used 106767K [0x00000007a0000000, 0x00000007ad800000, 0x00000007b5580000)
  object space 221184K, 48% used [0x00000007a0000000,0x00000007a6843e08,0x00000007ad800000)
 Metaspace       used 34776K, capacity 35312K, committed 35496K, reserved 1081344K
  class space    used 4079K, capacity 4234K, committed 4272K, reserved 1048576K
}
Event: 13.773 GC heap before
{Heap before GC invocations=13 (full 2):
 PSYoungGen      total 115200K, used 23742K [0x00000007b5580000, 0x00000007bfb00000, 0x00000007c0000000)
  eden space 62464K, 0% used [0x00000007b5580000,0x00000007b5580000,0x00000007b9280000)
  from space 52736K, 45% used [0x00000007b9280000,0x00000007ba9af9b0,0x00000007bc600000)
  to   space 51200K, 0% used [0x00000007bc900000,0x00000007bc900000,0x00000007bfb00000)
 ParOldGen       total 221184K, used 106767K [0x00000007a0000000, 0x00000007ad800000, 0x00000007b5580000)
  object space 221184K, 48% used [0x00000007a0000000,0x00000007a6843e08,0x00000007ad800000)
 Metaspace       used 34776K, capacity 35312K, committed 35496K, reserved 1081344K
  class space    used 4079K, capacity 4234K, committed 4272K, reserved 1048576K
Event: 13.894 GC heap after
Heap after GC invocations=13 (full 2):
 PSYoungGen      total 115200K, used 0K [0x00000007b5580000, 0x00000007bfb00000, 0x00000007c0000000)
  eden space 62464K, 0% used [0x00000007b5580000,0x00000007b5580000,0x00000007b9280000)
  from space 52736K, 0% used [0x00000007b9280000,0x00000007b9280000,0x00000007bc600000)
  to   space 51200K, 0% used [0x00000007bc900000,0x00000007bc900000,0x00000007bfb00000)
 ParOldGen       total 260096K, used 82535K [0x00000007a0000000, 0x00000007afe00000, 0x00000007b5580000)
  object space 260096K, 31% used [0x00000007a0000000,0x00000007a5099c18,0x00000007afe00000)
 Metaspace       used 34776K, capacity 35312K, committed 35496K, reserved 1081344K
  class space    used 4079K, capacity 4234K, committed 4272K, reserved 1048576K
}
Event: 14.405 GC heap before
{Heap before GC invocations=14 (full 2):
 PSYoungGen      total 115200K, used 62464K [0x00000007b5580000, 0x00000007bfb00000, 0x00000007c0000000)
  eden space 62464K, 100% used [0x00000007b5580000,0x00000007b9280000,0x00000007b9280000)
  from space 52736K, 0% used [0x00000007b9280000,0x00000007b9280000,0x00000007bc600000)
  to   space 51200K, 0% used [0x00000007bc900000,0x00000007bc900000,0x00000007bfb00000)
 ParOldGen       total 260096K, used 82535K [0x00000007a0000000, 0x00000007afe00000, 0x00000007b5580000)
  object space 260096K, 31% used [0x00000007a0000000,0x00000007a5099c18,0x00000007afe00000)
 Metaspace       used 41575K, capacity 42208K, committed 42664K, reserved 1087488K
  class space    used 4776K, capacity 4951K, committed 5040K, reserved 1048576K
Event: 14.409 GC heap after
Heap after GC invocations=14 (full 2):
 PSYoungGen      total 116736K, used 7082K [0x00000007b5580000, 0x00000007c0000000, 0x00000007c0000000)
  eden space 65536K, 0% used [0x00000007b5580000,0x00000007b5580000,0x00000007b9580000)
  from space 51200K, 13% used [0x00000007bc900000,0x00000007bcfeaaf0,0x00000007bfb00000)
  to   space 52736K, 0% used [0x00000007b9580000,0x00000007b9580000,0x00000007bc900000)
 ParOldGen       total 260096K, used 82543K [0x00000007a0000000, 0x00000007afe00000, 0x00000007b5580000)
  object space 260096K, 31% used [0x00000007a0000000,0x00000007a509bc18,0x00000007afe00000)
 Metaspace       used 41575K, capacity 42208K, committed 42664K, reserved 1087488K
  class space    used 4776K, capacity 4951K, committed 5040K, reserved 1048576K
}

Deoptimization events (10 events):
Event: 14.369 Thread 0x00007fc3cb560000 Uncommon trap: reason=unstable_if action=reinterpret pc=0x000000010c0091ec method=java.util.jar.Manifest$FastInputStream.readLine([BII)I @ 87
Event: 14.379 Thread 0x00007fc3cb560000 Uncommon trap: reason=class_check action=maybe_recompile pc=0x000000010c545e08 method=java.util.jar.JarFile.maybeInstantiateVerifier()V @ 79
Event: 14.976 Thread 0x00007fc3cb560000 Uncommon trap: reason=unstable_if action=reinterpret pc=0x000000010c321e30 method=java.net.URI$Parser.scan(IILjava/lang/String;Ljava/lang/String;)I @ 23
Event: 19.355 Thread 0x00007fc3c6bed000 Uncommon trap: reason=unhandled action=none pc=0x000000010bb2d35c method=java.net.URLClassLoader.findClass(Ljava/lang/String;)Ljava/lang/Class; @ 44
Event: 19.357 Thread 0x00007fc3c6bed000 Uncommon trap: reason=unhandled action=none pc=0x000000010bb2d35c method=java.net.URLClassLoader.findClass(Ljava/lang/String;)Ljava/lang/Class; @ 44
Event: 19.359 Thread 0x00007fc3c6bed000 Uncommon trap: reason=unstable_if action=reinterpret pc=0x000000010c1e4e14 method=java.lang.CharacterDataLatin1.digit(II)I @ 60
Event: 19.359 Thread 0x00007fc3c6bed000 Uncommon trap: reason=unstable_if action=reinterpret pc=0x000000010be8dd7c method=java.lang.CharacterDataLatin1.digit(II)I @ 60
Event: 19.359 Thread 0x00007fc3c6bed000 Uncommon trap: reason=unstable_if action=reinterpret pc=0x000000010bd74ea8 method=sun.util.calendar.ZoneInfo.getOffsets(J[II)I @ 4
Event: 19.420 Thread 0x00007fc3c6bed000 Uncommon trap: reason=unstable_if action=reinterpret pc=0x000000010bdcc78c method=java.util.regex.Pattern$BmpCharProperty.match(Ljava/util/regex/Matcher;ILjava/lang/CharSequence;)Z @ 34
Event: 48.362 Thread 0x00007fc3cb228800 Uncommon trap: reason=unstable_if action=reinterpret pc=0x000000010c5a8508 method=java.io.ExpiringCache.entryFor(Ljava/lang/String;)Ljava/io/ExpiringCache$Entry; @ 39

Internal exceptions (10 events):
Event: 13.614 Thread 0x00007fc3c8437000 Implicit null exception at 0x000000010bbe1289 to 0x000000010bbe25a3
Event: 13.614 Thread 0x00007fc3c8437000 Exception <a 'java/lang/NullPointerException'> (0x00000007b7c82b58) thrown at [/Users/java_re/workspace/8-2-build-macosx-x86_64/jdk8u45/3457/hotspot/src/share/vm/runtime/sharedRuntime.cpp, line 605]
Event: 13.624 Thread 0x00007fc3c8437000 Implicit null exception at 0x000000010bd21edd to 0x000000010bd224d1
Event: 13.721 Thread 0x00007fc3c6bed000 Implicit null exception at 0x000000010bbe142c to 0x000000010bbe25bf
Event: 13.721 Thread 0x00007fc3c6bed000 Exception <a 'java/lang/NullPointerException'> (0x00000007b5effc60) thrown at [/Users/java_re/workspace/8-2-build-macosx-x86_64/jdk8u45/3457/hotspot/src/share/vm/runtime/sharedRuntime.cpp, line 605]
Event: 14.063 Thread 0x00007fc3c6bed000 Exception <a 'java/lang/ArrayIndexOutOfBoundsException': 2383> (0x00000007b685c270) thrown at [/Users/java_re/workspace/8-2-build-macosx-x86_64/jdk8u45/3457/hotspot/src/share/vm/interpreter/interpreterRuntime.cpp, line 366]
Event: 14.251 Thread 0x00007fc3cb560000 Implicit null exception at 0x000000010c059370 to 0x000000010c05a14d
Event: 14.301 Thread 0x00007fc3cb560000 Exception <a 'java/lang/NoClassDefFoundError': org/apache/log4j/Category> (0x00000007b88f8528) thrown at [/Users/java_re/workspace/8-2-build-macosx-x86_64/jdk8u45/3457/hotspot/src/share/vm/classfile/systemDictionary.cpp, line 199]
Event: 19.253 Thread 0x00007fc3cb560000 Exception <a 'java/net/SocketTimeoutException': Read timed out> (0x00000007b5c097b0) thrown at [/Users/java_re/workspace/8-2-build-macosx-x86_64/jdk8u45/3457/hotspot/src/share/vm/prims/jni.cpp, line 735]
Event: 19.359 Thread 0x00007fc3c6bed000 Implicit null exception at 0x000000010bd74920 to 0x000000010bd74e89

Events (10 events):
Event: 125.650 Thread 0x00007fc3c5805800 flushing nmethod 0x000000010c4a8e50
Event: 131.184 Thread 0x00007fc3c5805800 flushing nmethod 0x000000010c5a74d0
Event: 131.184 Thread 0x00007fc3c5805800 flushing nmethod 0x000000010c630350
Event: 131.184 Thread 0x00007fc3c5805800 flushing nmethod 0x000000010c630850
Event: 131.184 Thread 0x00007fc3c5805800 flushing nmethod 0x000000010c634a50
Event: 131.185 Thread 0x00007fc3c5805800 flushing nmethod 0x000000010c6693d0
Event: 131.185 Thread 0x00007fc3c5805800 flushing nmethod 0x000000010c66bc90
Event: 131.185 Thread 0x00007fc3c5805800 flushing nmethod 0x000000010c6f6dd0
Event: 136.810 Executing VM operation: RedefineClasses
Event: 136.834 Executing VM operation: RedefineClasses done


Dynamic libraries:
0x0000000005b16000 	/System/Library/Frameworks/Cocoa.framework/Versions/A/Cocoa
0x0000000005b16000 	/System/Library/Frameworks/Security.framework/Versions/A/Security
0x0000000005b16000 	/System/Library/Frameworks/ApplicationServices.framework/Versions/A/ApplicationServices
0x0000000005b16000 	/usr/lib/libz.1.dylib
0x0000000005b16000 	/usr/lib/libSystem.B.dylib
0x0000000005b16000 	/usr/lib/libobjc.A.dylib
0x0000000005b16000 	/System/Library/Frameworks/CoreFoundation.framework/Versions/A/CoreFoundation
0x0000000005b16000 	/System/Library/Frameworks/Foundation.framework/Versions/C/Foundation
0x0000000005b16000 	/System/Library/Frameworks/AppKit.framework/Versions/C/AppKit
0x0000000005b16000 	/System/Library/Frameworks/CoreData.framework/Versions/A/CoreData
0x0000000005b16000 	/System/Library/PrivateFrameworks/RemoteViewServices.framework/Versions/A/RemoteViewServices
0x0000000005b16000 	/System/Library/PrivateFrameworks/UIFoundation.framework/Versions/A/UIFoundation
0x0000000005b16000 	/System/Library/Frameworks/IOSurface.framework/Versions/A/IOSurface
0x0000000005b16000 	/System/Library/Frameworks/AudioToolbox.framework/Versions/A/AudioToolbox
0x0000000005b16000 	/System/Library/Frameworks/AudioUnit.framework/Versions/A/AudioUnit
0x0000000005b16000 	/System/Library/PrivateFrameworks/DataDetectorsCore.framework/Versions/A/DataDetectorsCore
0x0000000005b16000 	/System/Library/PrivateFrameworks/DesktopServicesPriv.framework/Versions/A/DesktopServicesPriv
0x0000000005b16000 	/System/Library/Frameworks/Carbon.framework/Versions/A/Frameworks/HIToolbox.framework/Versions/A/HIToolbox
0x0000000005b16000 	/System/Library/Frameworks/QuartzCore.framework/Versions/A/QuartzCore
0x0000000005b16000 	/System/Library/Frameworks/Carbon.framework/Versions/A/Frameworks/SpeechRecognition.framework/Versions/A/SpeechRecognition
0x0000000005b16000 	/usr/lib/libauto.dylib
0x0000000005b16000 	/usr/lib/libicucore.A.dylib
0x0000000005b16000 	/usr/lib/libxml2.2.dylib
0x0000000005b16000 	/System/Library/PrivateFrameworks/CoreUI.framework/Versions/A/CoreUI
0x0000000005b16000 	/System/Library/Frameworks/CoreAudio.framework/Versions/A/CoreAudio
0x0000000005b16000 	/System/Library/Frameworks/DiskArbitration.framework/Versions/A/DiskArbitration
0x0000000005b16000 	/usr/lib/liblangid.dylib
0x0000000005b16000 	/System/Library/PrivateFrameworks/MultitouchSupport.framework/Versions/A/MultitouchSupport
0x0000000005b16000 	/System/Library/Frameworks/IOKit.framework/Versions/A/IOKit
0x0000000005b16000 	/usr/lib/libDiagnosticMessagesClient.dylib
0x0000000005b16000 	/System/Library/Frameworks/CoreServices.framework/Versions/A/CoreServices
0x0000000005b16000 	/System/Library/PrivateFrameworks/PerformanceAnalysis.framework/Versions/A/PerformanceAnalysis
0x0000000005b16000 	/System/Library/PrivateFrameworks/GenerationalStorage.framework/Versions/A/GenerationalStorage
0x0000000005b16000 	/System/Library/Frameworks/OpenGL.framework/Versions/A/OpenGL
0x0000000005b16000 	/System/Library/PrivateFrameworks/Sharing.framework/Versions/A/Sharing
0x0000000005b16000 	/System/Library/Frameworks/CoreGraphics.framework/Versions/A/CoreGraphics
0x0000000005b16000 	/System/Library/Frameworks/CoreText.framework/Versions/A/CoreText
0x0000000005b16000 	/System/Library/Frameworks/ImageIO.framework/Versions/A/ImageIO
0x0000000005b16000 	/usr/lib/libextension.dylib
0x0000000005b16000 	/System/Library/PrivateFrameworks/Backup.framework/Versions/A/Backup
0x0000000005b16000 	/usr/lib/libarchive.2.dylib
0x0000000005b16000 	/System/Library/Frameworks/CFNetwork.framework/Versions/A/CFNetwork
0x0000000005b16000 	/System/Library/Frameworks/SystemConfiguration.framework/Versions/A/SystemConfiguration
0x0000000005b16000 	/usr/lib/libCRFSuite.dylib
0x0000000005b16000 	/usr/lib/libc++.1.dylib
0x0000000005b16000 	/usr/lib/libc++abi.dylib
0x0000000005b16000 	/usr/lib/system/libcache.dylib
0x0000000005b16000 	/usr/lib/system/libcommonCrypto.dylib
0x0000000005b16000 	/usr/lib/system/libcompiler_rt.dylib
0x0000000005b16000 	/usr/lib/system/libcopyfile.dylib
0x0000000005b16000 	/usr/lib/system/libcorecrypto.dylib
0x0000000005b16000 	/usr/lib/system/libdispatch.dylib
0x0000000005b16000 	/usr/lib/system/libdyld.dylib
0x0000000005b16000 	/usr/lib/system/libkeymgr.dylib
0x0000000005b16000 	/usr/lib/system/liblaunch.dylib
0x0000000005b16000 	/usr/lib/system/libmacho.dylib
0x0000000005b16000 	/usr/lib/system/libquarantine.dylib
0x0000000005b16000 	/usr/lib/system/libremovefile.dylib
0x0000000005b16000 	/usr/lib/system/libsystem_asl.dylib
0x0000000005b16000 	/usr/lib/system/libsystem_blocks.dylib
0x0000000005b16000 	/usr/lib/system/libsystem_c.dylib
0x0000000005b16000 	/usr/lib/system/libsystem_configuration.dylib
0x0000000005b16000 	/usr/lib/system/libsystem_coreservices.dylib
0x0000000005b16000 	/usr/lib/system/libsystem_coretls.dylib
0x0000000005b16000 	/usr/lib/system/libsystem_dnssd.dylib
0x0000000005b16000 	/usr/lib/system/libsystem_info.dylib
0x0000000005b16000 	/usr/lib/system/libsystem_kernel.dylib
0x0000000005b16000 	/usr/lib/system/libsystem_m.dylib
0x0000000005b16000 	/usr/lib/system/libsystem_malloc.dylib
0x0000000005b16000 	/usr/lib/system/libsystem_network.dylib
0x0000000005b16000 	/usr/lib/system/libsystem_networkextension.dylib
0x0000000005b16000 	/usr/lib/system/libsystem_notify.dylib
0x0000000005b16000 	/usr/lib/system/libsystem_platform.dylib
0x0000000005b16000 	/usr/lib/system/libsystem_pthread.dylib
0x0000000005b16000 	/usr/lib/system/libsystem_sandbox.dylib
0x0000000005b16000 	/usr/lib/system/libsystem_secinit.dylib
0x0000000005b16000 	/usr/lib/system/libsystem_stats.dylib
0x0000000005b16000 	/usr/lib/system/libsystem_trace.dylib
0x0000000005b16000 	/usr/lib/system/libunc.dylib
0x0000000005b16000 	/usr/lib/system/libunwind.dylib
0x0000000005b16000 	/usr/lib/system/libxpc.dylib
0x0000000005b16000 	/usr/lib/libbz2.1.0.dylib
0x0000000005b16000 	/usr/lib/liblzma.5.dylib
0x0000000005b16000 	/usr/lib/libbsm.0.dylib
0x0000000005b16000 	/usr/lib/libsqlite3.dylib
0x0000000005b16000 	/usr/lib/system/libkxld.dylib
0x0000000005b16000 	/usr/lib/libxar.1.dylib
0x0000000005b16000 	/usr/lib/libpam.2.dylib
0x0000000005b16000 	/usr/lib/libOpenScriptingUtil.dylib
0x0000000005b16000 	/System/Library/Frameworks/CoreServices.framework/Versions/A/Frameworks/FSEvents.framework/Versions/A/FSEvents
0x0000000005b16000 	/System/Library/Frameworks/CoreServices.framework/Versions/A/Frameworks/CarbonCore.framework/Versions/A/CarbonCore
0x0000000005b16000 	/System/Library/Frameworks/CoreServices.framework/Versions/A/Frameworks/Metadata.framework/Versions/A/Metadata
0x0000000005b16000 	/System/Library/Frameworks/CoreServices.framework/Versions/A/Frameworks/OSServices.framework/Versions/A/OSServices
0x0000000005b16000 	/System/Library/Frameworks/CoreServices.framework/Versions/A/Frameworks/SearchKit.framework/Versions/A/SearchKit
0x0000000005b16000 	/System/Library/Frameworks/CoreServices.framework/Versions/A/Frameworks/AE.framework/Versions/A/AE
0x0000000005b16000 	/System/Library/Frameworks/CoreServices.framework/Versions/A/Frameworks/LaunchServices.framework/Versions/A/LaunchServices
0x0000000005b16000 	/System/Library/Frameworks/CoreServices.framework/Versions/A/Frameworks/DictionaryServices.framework/Versions/A/DictionaryServices
0x0000000005b16000 	/System/Library/Frameworks/NetFS.framework/Versions/A/NetFS
0x0000000005b16000 	/System/Library/PrivateFrameworks/NetAuth.framework/Versions/A/NetAuth
0x0000000005b16000 	/System/Library/PrivateFrameworks/login.framework/Versions/A/Frameworks/loginsupport.framework/Versions/A/loginsupport
0x0000000005b16000 	/System/Library/PrivateFrameworks/TCC.framework/Versions/A/TCC
0x0000000005b16000 	/usr/lib/libmecabra.dylib
0x0000000005b16000 	/System/Library/Frameworks/ApplicationServices.framework/Versions/A/Frameworks/ATS.framework/Versions/A/ATS
0x0000000005b16000 	/System/Library/Frameworks/ApplicationServices.framework/Versions/A/Frameworks/ColorSync.framework/Versions/A/ColorSync
0x0000000005b16000 	/System/Library/Frameworks/ApplicationServices.framework/Versions/A/Frameworks/HIServices.framework/Versions/A/HIServices
0x0000000005b16000 	/System/Library/Frameworks/ApplicationServices.framework/Versions/A/Frameworks/LangAnalysis.framework/Versions/A/LangAnalysis
0x0000000005b16000 	/System/Library/Frameworks/ApplicationServices.framework/Versions/A/Frameworks/PrintCore.framework/Versions/A/PrintCore
0x0000000005b16000 	/System/Library/Frameworks/ApplicationServices.framework/Versions/A/Frameworks/QD.framework/Versions/A/QD
0x0000000005b16000 	/System/Library/Frameworks/ApplicationServices.framework/Versions/A/Frameworks/SpeechSynthesis.framework/Versions/A/SpeechSynthesis
0x0000000005b16000 	/System/Library/Frameworks/Accelerate.framework/Versions/A/Accelerate
0x0000000005b16000 	/System/Library/Frameworks/Accelerate.framework/Versions/A/Frameworks/vImage.framework/Versions/A/vImage
0x0000000005b16000 	/System/Library/Frameworks/Accelerate.framework/Versions/A/Frameworks/vecLib.framework/Versions/A/vecLib
0x0000000005b16000 	/System/Library/Frameworks/Accelerate.framework/Versions/A/Frameworks/vecLib.framework/Versions/A/libvDSP.dylib
0x0000000005b16000 	/System/Library/Frameworks/Accelerate.framework/Versions/A/Frameworks/vecLib.framework/Versions/A/libvMisc.dylib
0x0000000005b16000 	/System/Library/Frameworks/Accelerate.framework/Versions/A/Frameworks/vecLib.framework/Versions/A/libLAPACK.dylib
0x0000000005b16000 	/System/Library/Frameworks/Accelerate.framework/Versions/A/Frameworks/vecLib.framework/Versions/A/libBLAS.dylib
0x0000000005b16000 	/System/Library/Frameworks/Accelerate.framework/Versions/A/Frameworks/vecLib.framework/Versions/A/libLinearAlgebra.dylib
0x0000000005b16000 	/System/Library/Frameworks/ApplicationServices.framework/Versions/A/Frameworks/ATS.framework/Versions/A/Resources/libFontParser.dylib
0x0000000005b16000 	/System/Library/Frameworks/ApplicationServices.framework/Versions/A/Frameworks/ATS.framework/Versions/A/Resources/libFontRegistry.dylib
0x0000000005b16000 	/System/Library/PrivateFrameworks/AppleVPA.framework/Versions/A/AppleVPA
0x0000000005b16000 	/System/Library/PrivateFrameworks/AppleJPEG.framework/Versions/A/AppleJPEG
0x0000000005b16000 	/System/Library/Frameworks/ImageIO.framework/Versions/A/Resources/libJPEG.dylib
0x0000000005b16000 	/System/Library/Frameworks/ImageIO.framework/Versions/A/Resources/libTIFF.dylib
0x0000000005b16000 	/System/Library/Frameworks/ImageIO.framework/Versions/A/Resources/libPng.dylib
0x0000000005b16000 	/System/Library/Frameworks/ImageIO.framework/Versions/A/Resources/libGIF.dylib
0x0000000005b16000 	/System/Library/Frameworks/ImageIO.framework/Versions/A/Resources/libJP2.dylib
0x0000000005b16000 	/System/Library/Frameworks/ImageIO.framework/Versions/A/Resources/libRadiance.dylib
0x0000000005b16000 	/System/Library/Frameworks/CoreVideo.framework/Versions/A/CoreVideo
0x0000000005b16000 	/System/Library/Frameworks/OpenGL.framework/Versions/A/Libraries/libGLU.dylib
0x0000000005b16000 	/System/Library/Frameworks/OpenGL.framework/Versions/A/Libraries/libGFXShared.dylib
0x0000000005b16000 	/System/Library/Frameworks/OpenGL.framework/Versions/A/Libraries/libGL.dylib
0x0000000005b16000 	/System/Library/Frameworks/OpenGL.framework/Versions/A/Libraries/libGLImage.dylib
0x0000000005b16000 	/System/Library/Frameworks/OpenGL.framework/Versions/A/Libraries/libCVMSPluginSupport.dylib
0x0000000005b16000 	/System/Library/Frameworks/OpenGL.framework/Versions/A/Libraries/libCoreVMClient.dylib
0x0000000005b16000 	/usr/lib/libcups.2.dylib
0x0000000005b16000 	/System/Library/Frameworks/Kerberos.framework/Versions/A/Kerberos
0x0000000005b16000 	/System/Library/Frameworks/GSS.framework/Versions/A/GSS
0x0000000005b16000 	/usr/lib/libresolv.9.dylib
0x0000000005b16000 	/usr/lib/libiconv.2.dylib
0x0000000005b16000 	/System/Library/PrivateFrameworks/Heimdal.framework/Versions/A/Heimdal
0x0000000005b16000 	/usr/lib/libheimdal-asn1.dylib
0x0000000005b16000 	/System/Library/Frameworks/OpenDirectory.framework/Versions/A/OpenDirectory
0x0000000005b16000 	/System/Library/PrivateFrameworks/CommonAuth.framework/Versions/A/CommonAuth
0x0000000005b16000 	/System/Library/Frameworks/OpenDirectory.framework/Versions/A/Frameworks/CFOpenDirectory.framework/Versions/A/CFOpenDirectory
0x0000000005b16000 	/System/Library/Frameworks/SecurityFoundation.framework/Versions/A/SecurityFoundation
0x0000000005b16000 	/System/Library/PrivateFrameworks/LanguageModeling.framework/Versions/A/LanguageModeling
0x0000000005b16000 	/usr/lib/libcmph.dylib
0x0000000005b16000 	/System/Library/Frameworks/ServiceManagement.framework/Versions/A/ServiceManagement
0x0000000005b16000 	/usr/lib/libxslt.1.dylib
0x0000000005b16000 	/System/Library/Frameworks/Carbon.framework/Versions/A/Frameworks/Ink.framework/Versions/A/Ink
0x0000000005b16000 	/System/Library/Frameworks/QuartzCore.framework/Versions/A/Frameworks/CoreImage.framework/Versions/A/CoreImage
0x0000000005b16000 	/System/Library/PrivateFrameworks/CrashReporterSupport.framework/Versions/A/CrashReporterSupport
0x0000000005b16000 	/System/Library/Frameworks/OpenCL.framework/Versions/A/OpenCL
0x0000000005b16000 	/System/Library/PrivateFrameworks/FaceCore.framework/Versions/A/FaceCore
0x0000000005b16000 	/System/Library/PrivateFrameworks/Ubiquity.framework/Versions/A/Ubiquity
0x0000000005b16000 	/System/Library/PrivateFrameworks/IconServices.framework/Versions/A/IconServices
0x0000000005b16000 	/System/Library/PrivateFrameworks/ChunkingLibrary.framework/Versions/A/ChunkingLibrary
0x0000000005b16000 	/System/Library/PrivateFrameworks/Apple80211.framework/Versions/A/Apple80211
0x0000000005b16000 	/System/Library/Frameworks/CoreWLAN.framework/Versions/A/CoreWLAN
0x0000000005b16000 	/System/Library/Frameworks/IOBluetooth.framework/Versions/A/IOBluetooth
0x0000000005b16000 	/System/Library/PrivateFrameworks/CoreWiFi.framework/Versions/A/CoreWiFi
0x0000000005b16000 	/System/Library/Frameworks/CoreBluetooth.framework/Versions/A/CoreBluetooth
0x0000000005b16000 	/System/Library/PrivateFrameworks/DebugSymbols.framework/Versions/A/DebugSymbols
0x0000000005b16000 	/System/Library/PrivateFrameworks/CoreSymbolication.framework/Versions/A/CoreSymbolication
0x0000000005b16000 	/System/Library/PrivateFrameworks/Symbolication.framework/Versions/A/Symbolication
0x0000000005b16000 	/System/Library/PrivateFrameworks/SpeechRecognitionCore.framework/Versions/A/SpeechRecognitionCore
0x000000010aa00000 	/Library/Java/JavaVirtualMachines/jdk1.8.0_45.jdk/Contents/Home/jre/lib/server/libjvm.dylib
0x0000000005b16000 	/usr/lib/libstdc++.6.dylib
0x000000010998a000 	/Library/Java/JavaVirtualMachines/jdk1.8.0_45.jdk/Contents/Home/jre/lib/libverify.dylib
0x0000000109998000 	/Library/Java/JavaVirtualMachines/jdk1.8.0_45.jdk/Contents/Home/jre/lib/libjava.dylib
0x000000010b969000 	/Library/Java/JavaVirtualMachines/jdk1.8.0_45.jdk/Contents/Home/jre/lib/libjdwp.dylib
0x00000001099ce000 	/Library/Java/JavaVirtualMachines/jdk1.8.0_45.jdk/Contents/Home/jre/lib/libnpt.dylib
0x00000001099d2000 	/Library/Java/JavaVirtualMachines/jdk1.8.0_45.jdk/Contents/Home/jre/lib/libinstrument.dylib
0x000000010b9e5000 	/Library/Java/JavaVirtualMachines/jdk1.8.0_45.jdk/Contents/Home/jre/lib/libzip.dylib
0x000000011f2ab000 	/System/Library/Frameworks/JavaVM.framework/Frameworks/JavaRuntimeSupport.framework/JavaRuntimeSupport
0x000000011f2c3000 	/System/Library/Frameworks/JavaVM.framework/Versions/A/Frameworks/JavaNativeFoundation.framework/Versions/A/JavaNativeFoundation
0x000000011f2d8000 	/System/Library/Frameworks/JavaVM.framework/Versions/A/JavaVM
0x0000000005b16000 	/System/Library/Frameworks/Carbon.framework/Versions/A/Carbon
0x000000011f2e5000 	/System/Library/PrivateFrameworks/JavaLaunching.framework/Versions/A/JavaLaunching
0x0000000005b16000 	/System/Library/Frameworks/Carbon.framework/Versions/A/Frameworks/CommonPanels.framework/Versions/A/CommonPanels
0x0000000005b16000 	/System/Library/Frameworks/Carbon.framework/Versions/A/Frameworks/Help.framework/Versions/A/Help
0x0000000005b16000 	/System/Library/Frameworks/Carbon.framework/Versions/A/Frameworks/ImageCapture.framework/Versions/A/ImageCapture
0x0000000005b16000 	/System/Library/Frameworks/Carbon.framework/Versions/A/Frameworks/OpenScripting.framework/Versions/A/OpenScripting
0x0000000005b16000 	/System/Library/Frameworks/Carbon.framework/Versions/A/Frameworks/Print.framework/Versions/A/Print
0x0000000005b16000 	/System/Library/Frameworks/Carbon.framework/Versions/A/Frameworks/SecurityHI.framework/Versions/A/SecurityHI
0x0000000120d53000 	/Library/Java/JavaVirtualMachines/jdk1.8.0_45.jdk/Contents/Home/jre/lib/libdt_socket.dylib
0x0000000121f74000 	/Library/Java/JavaVirtualMachines/jdk1.8.0_45.jdk/Contents/Home/jre/lib/libnet.dylib
0x0000000121f8b000 	/Library/Java/JavaVirtualMachines/jdk1.8.0_45.jdk/Contents/Home/jre/lib/libawt.dylib
0x0000000122033000 	/Library/Java/JavaVirtualMachines/jdk1.8.0_45.jdk/Contents/Home/jre/lib/./libmlib_image.dylib
0x00000001220ff000 	/Library/Java/JavaVirtualMachines/jdk1.8.0_45.jdk/Contents/Home/jre/lib/libawt_lwawt.dylib
0x00000001221b3000 	/Library/Java/JavaVirtualMachines/jdk1.8.0_45.jdk/Contents/Home/jre/lib/./libosxapp.dylib
0x0000000005b16000 	/System/Library/Frameworks/ExceptionHandling.framework/Versions/A/ExceptionHandling
0x0000000005b16000 	/System/Library/PrivateFrameworks/CoreServicesInternal.framework/Versions/A/CoreServicesInternal
0x0000000005b16000 	/System/Library/PrivateFrameworks/CloudDocs.framework/Versions/A/CloudDocs
0x0000000005b16000 	/System/Library/PrivateFrameworks/CoreDuet.framework/Versions/A/CoreDuet
0x0000000005b16000 	/System/Library/Frameworks/CloudKit.framework/Versions/A/CloudKit
0x0000000005b16000 	/System/Library/PrivateFrameworks/ProtocolBuffer.framework/Versions/A/ProtocolBuffer
0x0000000005b16000 	/System/Library/PrivateFrameworks/CoreDuetDaemonProtocol.framework/Versions/A/CoreDuetDaemonProtocol
0x0000000005b16000 	/System/Library/PrivateFrameworks/CoreDuetDebugLogging.framework/Versions/A/CoreDuetDebugLogging
0x0000000005b16000 	/System/Library/PrivateFrameworks/MMCS.framework/Versions/A/MMCS
0x0000000005b16000 	/System/Library/Frameworks/CoreLocation.framework/Versions/A/CoreLocation
0x0000000005b16000 	/System/Library/PrivateFrameworks/ProtectedCloudStorage.framework/Versions/A/ProtectedCloudStorage
0x0000000005b16000 	/System/Library/PrivateFrameworks/GeoServices.framework/Versions/A/GeoServices
0x0000000005b16000 	/System/Library/Frameworks/CoreGraphics.framework/Versions/A/Resources/libCGCMS.A.dylib
0x0000000005b16000 	/System/Library/Frameworks/OpenGL.framework/Versions/A/Resources/GLEngine.bundle/GLEngine
0x0000000005b16000 	/System/Library/Frameworks/OpenGL.framework/Versions/A/Libraries/libGLProgrammability.dylib
0x0000000000000000 	/System/Library/Extensions/AppleIntelHD5000GraphicsGLDriver.bundle/Contents/MacOS/AppleIntelHD5000GraphicsGLDriver
0x0000000005b16000 	/System/Library/PrivateFrameworks/IOAccelerator.framework/Versions/A/IOAccelerator
0x0000000005b16000 	/System/Library/PrivateFrameworks/GPUSupport.framework/Versions/A/Libraries/libGPUSupportMercury.dylib
0x0000000005b16000 	/System/Library/Frameworks/OpenGL.framework/Versions/A/Resources/GLRendererFloat.bundle/GLRendererFloat
0x0000000005b16000 	/System/Library/Frameworks/OpenCL.framework/Versions/A/Libraries/libcldcpuengine.dylib
0x0000000005b16000 	/System/Library/PrivateFrameworks/DiskImages.framework/Versions/A/DiskImages
0x0000000005b16000 	/System/Library/Frameworks/DiscRecording.framework/Versions/A/DiscRecording
0x0000000005b16000 	/usr/lib/libcsfde.dylib
0x0000000005b16000 	/usr/lib/libcurl.4.dylib
0x0000000005b16000 	/System/Library/PrivateFrameworks/MediaKit.framework/Versions/A/MediaKit
0x0000000005b16000 	/usr/lib/libCoreStorage.dylib
0x0000000005b16000 	/System/Library/PrivateFrameworks/EFILogin.framework/Versions/A/EFILogin
0x0000000005b16000 	/usr/lib/libutil.dylib
0x0000000005b16000 	/System/Library/PrivateFrameworks/FindMyDevice.framework/Versions/A/FindMyDevice
0x0000000005b16000 	/System/Library/Frameworks/LDAP.framework/Versions/A/LDAP
0x0000000005b16000 	/usr/lib/libsasl2.2.dylib
0x0000000005b16000 	/System/Library/PrivateFrameworks/CoreDaemon.framework/Versions/B/CoreDaemon
0x0000000005b16000 	/usr/lib/libcrypto.0.9.8.dylib
0x0000000005b16000 	/System/Library/PrivateFrameworks/AppleSRP.framework/Versions/A/AppleSRP
0x0000000005b16000 	/System/Library/PrivateFrameworks/TrustEvaluationAgent.framework/Versions/A/TrustEvaluationAgent
0x0000000005b16000 	/System/Library/Frameworks/CoreGraphics.framework/Versions/A/Resources/libRIP.A.dylib
0x000000012470a000 	/Library/Java/JavaVirtualMachines/jdk1.8.0_45.jdk/Contents/Home/jre/lib/libfontmanager.dylib
0x0000000121e7f000 	/Library/Java/JavaVirtualMachines/jdk1.8.0_45.jdk/Contents/Home/jre/lib/libosx.dylib
0x0000000121d94000 	/Library/Java/JavaVirtualMachines/jdk1.8.0_45.jdk/Contents/Home/jre/lib/libnio.dylib
0x000000011f3eb000 	/Library/Java/JavaVirtualMachines/jdk1.8.0_45.jdk/Contents/Home/jre/lib/libsunec.dylib

VM Arguments:
jvm_args: -agentlib:jdwp=transport=dt_socket,suspend=y,address=localhost:58216 -Ddatastore.default_high_rep_job_policy_unapplied_job_pct=50 -Xmx512m -javaagent:/Applications/eclipse/plugins/com.google.appengine.eclipse.sdkbundle_1.9.21/appengine-java-sdk-1.9.21/lib/agent/appengine-agent.jar -Xbootclasspath/p:/Applications/eclipse/plugins/com.google.appengine.eclipse.sdkbundle_1.9.20/appengine-java-sdk-1.9.20/lib/override/appengine-dev-jdk-overrides.jar -Dfile.encoding=UTF-8 
java_command: com.google.gwt.dev.DevMode -superDevMode -remoteUI 53854:28296844119864 -startupUrl VCloudAirShare.html -logLevel INFO -codeServerPort 9997 -port 8888 -server com.google.appengine.tools.development.gwt.AppEngineLauncher -war /Users/warmkessel/Workspace/vCloudAirShare/vCloudAirShare/war com.vcloudairshare.VCloudAirShare
java_class_path (initial): /Users/warmkessel/Workspace/vCloudAirShare/vCloudAirShare/src:/Users/warmkessel/Workspace/vCloudAirShare/vCloudAirShare/.apt_generated:/Users/warmkessel/Workspace/vCloudAirShare/vCloudAirShare/test-classes:/Users/warmkessel/Workspace/vCloudAirShare/vCloudAirShare/war/WEB-INF/classes:/Applications/eclipse/plugins/com.google.appengine.eclipse.sdkbundle_1.9.21/appengine-java-sdk-1.9.21/lib/shared/appengine-local-runtime-shared.jar:/Applications/eclipse/plugins/com.google.appengine.eclipse.sdkbundle_1.9.21/appengine-java-sdk-1.9.21/lib/shared/el-api.jar:/Applications/eclipse/plugins/com.google.appengine.eclipse.sdkbundle_1.9.21/appengine-java-sdk-1.9.21/lib/shared/jsp/repackaged-appengine-ant-1.7.1.jar:/Applications/eclipse/plugins/com.google.appengine.eclipse.sdkbundle_1.9.21/appengine-java-sdk-1.9.21/lib/shared/jsp/repackaged-appengine-ant-launcher-1.7.1.jar:/Applications/eclipse/plugins/com.google.appengine.eclipse.sdkbundle_1.9.21/appengine-java-sdk-1.9.21/lib/shared/jsp/repackaged-appengine-jasper-6.0.29.jar:/Applications/eclipse/plugins/com.google.appengine.eclipse.sdkbundle_1.9.21/appengine-java-sdk-1.9.21/lib/shared/jsp/repackaged-appengine-jasper-el-6.0.29.jar:/Applications/eclipse/plugins/com.google.appengine.eclipse.sdkbundle_1.9.21/appengine-java-sdk-1.9.21/lib/shared/jsp/repackaged-appengine-tomcat-juli-6.0.29.jar:/Applications/eclipse/plugins/com.google.appengine.eclipse.sdkbundle_1.9.21/appengine-java-sdk-1.9.21/lib/shared/jsp-api.jar:/Applications/eclipse/plugins/com.google.appengine.eclipse.sdkbundle_1.9.21/appengine-java-sdk-1.9.21/lib/shared/servlet-api.jar:/Applications/eclipse/plugins/com.google.appengine.eclipse.sdkbundle_1.9.21/appengine-java-sdk-1.9.21/lib/appengine-tools-api.jar:/Applications/eclipse/plugins/com.google.appengine.eclipse.sdkbundle_1.9.21/appengine-java-sdk-1.9.21/lib/opt/user/appengine-api-labs/v1/appengine-api-labs.jar:/Applications/eclipse/plugins/com.google.appengine.eclipse.sdkbundle_1.9.21/appeng
Launcher Type: SUN_STANDARD

Environment Variables:
PATH=/usr/bin:/bin:/usr/sbin:/sbin
SHELL=/bin/bash

Signal Handlers:
SIGSEGV: [libjvm.dylib+0x58ef95], sa_mask[0]=11111111011111110111111111111111, sa_flags=SA_ONSTACK|SA_RESTART|SA_SIGINFO
SIGBUS: [libjvm.dylib+0x58ef95], sa_mask[0]=11111111011111110111111111111111, sa_flags=SA_RESTART|SA_SIGINFO
SIGFPE: [libjvm.dylib+0x46c108], sa_mask[0]=11111111011111110111111111111111, sa_flags=SA_RESTART|SA_SIGINFO
SIGPIPE: [libjvm.dylib+0x46c108], sa_mask[0]=11111111011111110111111111111111, sa_flags=SA_RESTART|SA_SIGINFO
SIGXFSZ: [libjvm.dylib+0x46c108], sa_mask[0]=11111111011111110111111111111111, sa_flags=SA_RESTART|SA_SIGINFO
SIGILL: [libjvm.dylib+0x46c108], sa_mask[0]=11111111011111110111111111111111, sa_flags=SA_RESTART|SA_SIGINFO
SIGUSR1: SIG_DFL, sa_mask[0]=00000000000000000000000000000000, sa_flags=none
SIGUSR2: [libjvm.dylib+0x46bc26], sa_mask[0]=00100000000000000000000000000000, sa_flags=SA_RESTART|SA_SIGINFO
SIGHUP: [libjvm.dylib+0x46a1f9], sa_mask[0]=11111111011111110111111111111111, sa_flags=SA_RESTART|SA_SIGINFO
SIGINT: [libjvm.dylib+0x46a1f9], sa_mask[0]=11111111011111110111111111111111, sa_flags=SA_RESTART|SA_SIGINFO
SIGTERM: [libjvm.dylib+0x46a1f9], sa_mask[0]=11111111011111110111111111111111, sa_flags=SA_RESTART|SA_SIGINFO
SIGQUIT: [libjvm.dylib+0x46a1f9], sa_mask[0]=11111111011111110111111111111111, sa_flags=SA_RESTART|SA_SIGINFO


---------------  S Y S T E M  ---------------

OS:Bsduname:Darwin 14.3.0 Darwin Kernel Version 14.3.0: Mon Mar 23 11:59:05 PDT 2015; root:xnu-2782.20.48~5/RELEASE_X86_64 x86_64
rlimit: STACK 8192k, CORE 0k, NPROC 709, NOFILE 10240, AS infinity
load average:2.29 1.85 1.71

CPU:total 8 (4 cores per cpu, 2 threads per core) family 6 model 70 stepping 1, cmov, cx8, fxsr, mmx, sse, sse2, sse3, ssse3, sse4.1, sse4.2, popcnt, avx, avx2, aes, clmul, erms, rtm, lzcnt, ht, tsc, tscinvbit, bmi1, bmi2

Memory: 4k page, physical 16777216k(841700k free)

/proc/meminfo:


vm_info: Java HotSpot(TM) 64-Bit Server VM (25.45-b02) for bsd-amd64 JRE (1.8.0_45-b14), built on Apr 10 2015 10:46:38 by "java_re" with gcc 4.2.1 (Based on Apple Inc. build 5658) (LLVM build 2336.11.00)

time: Thu May 28 16:58:56 2015
elapsed time: 136 seconds (0d 0h 2m 16s)

